> Task :processResources UP-TO-DATE
> Task :quarkusGenerateAppModel UP-TO-DATE
> Task :quarkusGenerateCode UP-TO-DATE
> Task :quarkusGenerateDevAppModel UP-TO-DATE
> Task :quarkusGenerateCodeDev UP-TO-DATE
> Task :compileJava UP-TO-DATE
> Task :classes UP-TO-DATE
> Task :processTestResources NO-SOURCE
> Task :compileQuarkusTestGeneratedSourcesJava NO-SOURCE
> Task :quarkusGenerateTestAppModel
> Task :quarkusGenerateCodeTests UP-TO-DATE
> Task :compileTestJava UP-TO-DATE
> Task :testClasses UP-TO-DATE

> Task :quarkusDev
Listening for transport dt_socket at address: 5005
Press [[94me[39m] to edit command line args (currently '[32m[39m'), [[94mh[39m] for more options>
[94mTests paused[39m
Press [[94me[39m] to edit command line args (currently '[32m[39m'), [[94mr[39m] to resume testing, [[94mh[39m] for more options>
Press [[94me[39m] to edit command line args (currently '[32m[39m'), [[94mr[39m] to resume testing, [[94mo[39m] Toggle test output, [[94mh[39m] for more options>
__  ____  __  _____   ___  __ ____  ______ 
 --/ __ \/ / / / _ | / _ \/ //_/ / / / __/ 
 -/ /_/ / /_/ / __ |/ , _/ ,< / /_/ /\ \   
--\___\_\____/_/ |_/_/|_/_/|_|\____/___/   
[38;5;251m2026-05-03 10:03:46,989[39m[38;5;251m [39m[38;5;222mWARN [39m[38;5;251m [[39m[38;5;153mio.quarkus.config[39m[38;5;251m] ([39m[38;5;250mQuarkus Main Thread[39m[38;5;251m) [39m[38;5;251m[38;5;231mThe "[38;5;253mquarkus.hibernate-orm.database.generation[38;5;231m" config property is deprecated and should not be used anymore.[39m[39m[38;5;203m[39m[38;5;229m
[39m[38;5;251m2026-05-03 10:03:47,259[39m[38;5;251m [39m[38;5;192mINFO [39m[38;5;251m [[39m[38;5;153morg.flywaydb.core.FlywayExecutor[39m[38;5;251m] ([39m[38;5;250mQuarkus Main Thread[39m[38;5;251m) [39m[38;5;251mDatabase: jdbc:postgresql://localhost:5432/seaglass (PostgreSQL 16.13)[39m[38;5;203m[39m[38;5;229m
[39m[38;5;251m2026-05-03 10:03:47,297[39m[38;5;251m [39m[38;5;192mINFO [39m[38;5;251m [[39m[38;5;153morg.flywaydb.core.internal.command.DbValidate[39m[38;5;251m] ([39m[38;5;250mQuarkus Main Thread[39m[38;5;251m) [39m[38;5;251mSuccessfully validated 1 migration (execution time 00:00.015s)[39m[38;5;203m[39m[38;5;229m
[39m[38;5;251m2026-05-03 10:03:47,325[39m[38;5;251m [39m[38;5;192mINFO [39m[38;5;251m [[39m[38;5;153morg.flywaydb.core.internal.command.DbMigrate[39m[38;5;251m] ([39m[38;5;250mQuarkus Main Thread[39m[38;5;251m) [39m[38;5;251mCurrent version of schema "public": 1[39m[38;5;203m[39m[38;5;229m
[39m[38;5;251m2026-05-03 10:03:47,327[39m[38;5;251m [39m[38;5;192mINFO [39m[38;5;251m [[39m[38;5;153morg.flywaydb.core.internal.command.DbMigrate[39m[38;5;251m] ([39m[38;5;250mQuarkus Main Thread[39m[38;5;251m) [39m[38;5;251mSchema "public" is up to date. No migration necessary.[39m[38;5;203m[39m[38;5;229m
[39m[38;5;251m2026-05-03 10:03:47,638[39m[38;5;251m [39m[38;5;210mERROR[39m[38;5;251m [[39m[38;5;153mio.quarkus.hibernate.orm.runtime.schema.SchemaManagementIntegrator[39m[38;5;251m] ([39m[38;5;250mHibernate post-boot validation thread for <default>[39m[38;5;251m) [39m[38;5;251mFailed to validate Schema: Schema validation: missing column [createdAt] in table [item][39m[38;5;203m[39m[38;5;229m
[39m[38;5;251m2026-05-03 10:03:47,659[39m[38;5;251m [39m[38;5;210mERROR[39m[38;5;251m [[39m[38;5;153mio.quarkus.hibernate.orm.runtime.schema.SchemaManagementIntegrator[39m[38;5;251m] ([39m[38;5;250mHibernate post-boot validation thread for <default>[39m[38;5;251m) [39m[38;5;251mThe following SQL may resolve the database issues, as generated by the Hibernate schema migration tool. WARNING: You must manually verify this SQL is correct, this is a best effort guess, do not copy/paste it without verifying that it does what you expect.

alter table if exists category alter column name set data type varchar(255);
alter table if exists item add column createdAt timestamp(6) with time zone not null;
alter table if exists item add column depthCm numeric(38,2);
alter table if exists item alter column description set data type varchar(255);
alter table if exists item add column heightCm numeric(38,2);
alter table if exists item add column photoUrl varchar(255);
alter table if exists item alter column price set data type numeric(38,2);
alter table if exists item add column updatedAt timestamp(6) with time zone not null;
alter table if exists item add column widthCm numeric(38,2);
alter table if exists location alter column name set data type varchar(255);
[39m[38;5;203m[39m[38;5;229m
[39m[38;5;251m2026-05-03 10:03:47,690[39m[38;5;251m [39m[38;5;192mINFO [39m[38;5;251m [[39m[38;5;153mio.quarkus[39m[38;5;251m] ([39m[38;5;250mQuarkus Main Thread[39m[38;5;251m) [39m[38;5;251m[38;5;231m[38;5;253mseaglass-storehouse 0.0.1-SNAPSHOT[38;5;231m [38;5;253mon JVM[38;5;231m (powered by Quarkus [38;5;253m3.35.1[38;5;231m) started in [38;5;253m2.549[38;5;231ms. [38;5;253mListening on: http://localhost:8080[38;5;231m[39m[39m[38;5;203m[39m[38;5;229m
[39m[38;5;251m2026-05-03 10:03:47,690[39m[38;5;251m [39m[38;5;192mINFO [39m[38;5;251m [[39m[38;5;153mio.quarkus[39m[38;5;251m] ([39m[38;5;250mQuarkus Main Thread[39m[38;5;251m) [39m[38;5;251m[38;5;231mProfile[38;5;253m[38;5;231m [38;5;253mdev[38;5;231m activated. [38;5;253mLive Coding activated.[38;5;231m[39m[39m[38;5;203m[39m[38;5;229m
[39m[38;5;251m2026-05-03 10:03:47,691[39m[38;5;251m [39m[38;5;192mINFO [39m[38;5;251m [[39m[38;5;153mio.quarkus[39m[38;5;251m] ([39m[38;5;250mQuarkus Main Thread[39m[38;5;251m) [39m[38;5;251m[38;5;231mInstalled features: [[38;5;253magroal, cdi, compose, flyway, hibernate-orm, hibernate-orm-panache, jdbc-postgresql, narayana-jta, rest, rest-jackson, smallrye-context-propagation, vertx[38;5;231m][39m[39m[38;5;203m[39m[38;5;229m
[39m[38;5;251m2026-05-03 10:04:29,254[39m[38;5;251m [39m[38;5;222mWARN [39m[38;5;251m [[39m[38;5;153morg.hibernate.orm.jdbc.error[39m[38;5;251m] ([39m[38;5;250mexecutor-thread-1[39m[38;5;251m) [39m[38;5;251m[38;5;231mHHH000247: ErrorCode: [38;5;253m0[38;5;231m, SQLState: [38;5;253m42703[38;5;231m[39m[39m[38;5;203m[39m[38;5;229m
[39m[38;5;251m2026-05-03 10:04:29,254[39m[38;5;251m [39m[38;5;222mWARN [39m[38;5;251m [[39m[38;5;153morg.hibernate.orm.jdbc.error[39m[38;5;251m] ([39m[38;5;250mexecutor-thread-1[39m[38;5;251m) [39m[38;5;251mERROR: column "createdat" of relation "item" does not exist
  Position: 31[39m[38;5;203m[39m[38;5;229m
[39m[38;5;251m2026-05-03 10:04:29,263[39m[38;5;251m [39m[38;5;210mERROR[39m[38;5;251m [[39m[38;5;153mio.quarkus.vertx.http.runtime.QuarkusErrorHandler[39m[38;5;251m] ([39m[38;5;250mexecutor-thread-1[39m[38;5;251m) [39m[38;5;251m[38;5;231mHTTP Request to [38;5;253m/api/items[38;5;231m failed, error id: [38;5;253me515eaa4-b7bd-487c-938c-c11d963a9aac-1[38;5;231m[39m[39m[38;5;203m: org.hibernate.exception.SQLGrammarException: could not execute statement [ERROR: column "createdat" of relation "item" does not exist
  Position: 31] [insert into item (category_id,createdAt,depthCm,description,heightCm,location_id,photoUrl,price,updatedAt,widthCm) values (?,?,?,?,?,?,?,?,?,?)]
	at org.hibernate.exception.internal.SQLStateConversionDelegate.convert(SQLStateConversionDelegate.java:63)
	at org.hibernate.exception.internal.StandardSQLExceptionConverter.convert(StandardSQLExceptionConverter.java:34)
	at org.hibernate.engine.jdbc.spi.SqlExceptionHelper.convert(SqlExceptionHelper.java:115)
	at org.hibernate.engine.jdbc.internal.ResultSetReturnImpl.executeUpdate(ResultSetReturnImpl.java:189)
	at org.hibernate.id.insert.GetGeneratedKeysDelegate.performMutation(GetGeneratedKeysDelegate.java:96)
	at org.hibernate.engine.jdbc.mutation.internal.MutationExecutorSingleNonBatched.performNonBatchedOperations(MutationExecutorSingleNonBatched.java:45)
	at org.hibernate.engine.jdbc.mutation.internal.AbstractMutationExecutor.execute(AbstractMutationExecutor.java:65)
	at org.hibernate.engine.jdbc.mutation.internal.AbstractMutationExecutor.execute(AbstractMutationExecutor.java:54)
	at org.hibernate.persister.entity.mutation.InsertCoordinatorStandard.doStaticInserts(InsertCoordinatorStandard.java:180)
	at org.hibernate.persister.entity.mutation.InsertCoordinatorStandard.coordinateInsert(InsertCoordinatorStandard.java:120)
	at org.hibernate.persister.entity.mutation.InsertCoordinatorStandard.insert(InsertCoordinatorStandard.java:84)
	at org.hibernate.action.internal.EntityIdentityInsertAction.execute(EntityIdentityInsertAction.java:85)
	at org.hibernate.engine.spi.ActionQueue.execute(ActionQueue.java:667)
	at org.hibernate.engine.spi.ActionQueue.addResolvedEntityInsertAction(ActionQueue.java:291)
	at org.hibernate.engine.spi.ActionQueue.addInsertAction(ActionQueue.java:270)
	at org.hibernate.engine.spi.ActionQueue.addAction(ActionQueue.java:322)
	at org.hibernate.event.internal.AbstractSaveEventListener.addInsertAction(AbstractSaveEventListener.java:371)
	at org.hibernate.event.internal.AbstractSaveEventListener.performSaveOrReplicate(AbstractSaveEventListener.java:285)
	at org.hibernate.event.internal.AbstractSaveEventListener.performSave(AbstractSaveEventListener.java:215)
	at org.hibernate.event.internal.AbstractSaveEventListener.saveWithGeneratedId(AbstractSaveEventListener.java:133)
	at org.hibernate.event.internal.DefaultPersistEventListener.entityIsTransient(DefaultPersistEventListener.java:144)
	at org.hibernate.event.internal.DefaultPersistEventListener.persist(DefaultPersistEventListener.java:91)
	at org.hibernate.event.internal.DefaultPersistEventListener.onPersist(DefaultPersistEventListener.java:75)
	at org.hibernate.event.internal.DefaultPersistEventListener.onPersist(DefaultPersistEventListener.java:51)
	at org.hibernate.event.service.internal.EventListenerGroupImpl.fireEventOnEachListener(EventListenerGroupImpl.java:138)
	at org.hibernate.internal.SessionImpl.firePersist(SessionImpl.java:695)
	at org.hibernate.internal.SessionImpl.persist(SessionImpl.java:678)
	at io.quarkus.hibernate.orm.runtime.session.TransactionScopedSession.persist(TransactionScopedSession.java:170)
	at org.hibernate.engine.spi.SessionLazyDelegator.persist(SessionLazyDelegator.java:222)
	at org.hibernate.Session_x03UFp930IxQOyJJLmtWw2baujI_Synthetic_ClientProxy.persist(Unknown Source)
	at io.quarkus.hibernate.orm.panache.common.runtime.AbstractManagedJpaOperations.persist(AbstractManagedJpaOperations.java:40)
	at io.quarkus.hibernate.orm.panache.common.runtime.AbstractManagedJpaOperations.persist(AbstractManagedJpaOperations.java:35)
	at io.quarkus.hibernate.orm.panache.PanacheRepositoryBase.persist(PanacheRepositoryBase.java:66)
	at com.mike.seaglassstorehouse.repository.ItemRepository_ClientProxy.persist(Unknown Source)
	at com.mike.seaglassstorehouse.service.ItemService.createItem(ItemService.java:48)
	at com.mike.seaglassstorehouse.service.ItemService_Subclass.createItem$$superforward(Unknown Source)
	at com.mike.seaglassstorehouse.service.ItemService_Subclass$0.apply(Unknown Source)
	at io.quarkus.arc.impl.AroundInvokeInvocationContext.proceed(AroundInvokeInvocationContext.java:73)
	at io.quarkus.arc.impl.AroundInvokeInvocationContext.proceed(AroundInvokeInvocationContext.java:62)
	at io.quarkus.narayana.jta.runtime.interceptor.TransactionalInterceptorBase.invokeInOurTx(TransactionalInterceptorBase.java:166)
	at io.quarkus.narayana.jta.runtime.interceptor.TransactionalInterceptorBase.invokeInOurTx(TransactionalInterceptorBase.java:137)
	at io.quarkus.narayana.jta.runtime.interceptor.TransactionalInterceptorRequired.doIntercept(TransactionalInterceptorRequired.java:37)
	at io.quarkus.narayana.jta.runtime.interceptor.TransactionalInterceptorBase.intercept(TransactionalInterceptorBase.java:81)
	at io.quarkus.narayana.jta.runtime.interceptor.TransactionalInterceptorRequired.intercept(TransactionalInterceptorRequired.java:31)
	at io.quarkus.narayana.jta.runtime.interceptor.TransactionalInterceptorRequired_Bean.intercept(Unknown Source)
	at io.quarkus.arc.impl.InterceptorInvocation.invoke(InterceptorInvocation.java:42)
	at io.quarkus.arc.impl.AroundInvokeInvocationContext.perform(AroundInvokeInvocationContext.java:30)
	at io.quarkus.arc.impl.InvocationContexts.performAroundInvoke(InvocationContexts.java:27)
	at com.mike.seaglassstorehouse.service.ItemService_Subclass.createItem(Unknown Source)
	at com.mike.seaglassstorehouse.service.ItemService_ClientProxy.createItem(Unknown Source)
	at com.mike.seaglassstorehouse.resource.ItemResource.createItem(ItemResource.java:35)
	at com.mike.seaglassstorehouse.resource.ItemResource$quarkusrestinvoker$createItem_ff434a9e77251b70ad3d6484b8be008049643ef8.invoke(Unknown Source)
	at org.jboss.resteasy.reactive.server.handlers.InvocationHandler.handle(InvocationHandler.java:29)
	at io.quarkus.resteasy.reactive.server.runtime.QuarkusResteasyReactiveRequestContext.invokeHandler(QuarkusResteasyReactiveRequestContext.java:190)
	at org.jboss.resteasy.reactive.common.core.AbstractResteasyReactiveContext.run(AbstractResteasyReactiveContext.java:147)
	at io.quarkus.vertx.core.runtime.VertxCoreRecorder$15.runWith(VertxCoreRecorder.java:677)
	at org.jboss.threads.EnhancedQueueExecutor$Task.doRunWith(EnhancedQueueExecutor.java:2651)
	at org.jboss.threads.EnhancedQueueExecutor$Task.run(EnhancedQueueExecutor.java:2630)
	at org.jboss.threads.EnhancedQueueExecutor.runThreadBody(EnhancedQueueExecutor.java:1622)
	at org.jboss.threads.EnhancedQueueExecutor$ThreadBody.run(EnhancedQueueExecutor.java:1589)
	at org.jboss.threads.DelegatingRunnable.run(DelegatingRunnable.java:11)
	at org.jboss.threads.ThreadLocalResettingRunnable.run(ThreadLocalResettingRunnable.java:11)
	at io.netty.util.concurrent.FastThreadLocalRunnable.run(FastThreadLocalRunnable.java:30)
	at java.base/java.lang.Thread.run(Thread.java:1583)
Caused by: org.postgresql.util.PSQLException: ERROR: column "createdat" of relation "item" does not exist
  Position: 31
	at org.postgresql.core.v3.QueryExecutorImpl.receiveErrorResponse(QueryExecutorImpl.java:2875)
	at org.postgresql.core.v3.QueryExecutorImpl.processResults(QueryExecutorImpl.java:2560)
	at org.postgresql.core.v3.QueryExecutorImpl.execute(QueryExecutorImpl.java:429)
	at org.postgresql.jdbc.PgStatement.executeInternal(PgStatement.java:526)
	at org.postgresql.jdbc.PgStatement.execute(PgStatement.java:436)
	at org.postgresql.jdbc.PgPreparedStatement.executeWithFlags(PgPreparedStatement.java:196)
	at org.postgresql.jdbc.PgPreparedStatement.executeUpdate(PgPreparedStatement.java:157)
	at io.agroal.pool.wrapper.PreparedStatementWrapper.executeUpdate(PreparedStatementWrapper.java:90)
	at org.hibernate.engine.jdbc.internal.ResultSetReturnImpl.executeUpdate(ResultSetReturnImpl.java:185)
	... 60 more
[39m[38;5;229m
[39m[38;5;251m2026-05-03 10:04:45,878[39m[38;5;251m [39m[38;5;222mWARN [39m[38;5;251m [[39m[38;5;153morg.hibernate.orm.jdbc.error[39m[38;5;251m] ([39m[38;5;250mexecutor-thread-1[39m[38;5;251m) [39m[38;5;251m[38;5;231mHHH000247: ErrorCode: [38;5;253m0[38;5;231m, SQLState: [38;5;253m42703[38;5;231m[39m[39m[38;5;203m[39m[38;5;229m
[39m[38;5;251m2026-05-03 10:04:45,879[39m[38;5;251m [39m[38;5;222mWARN [39m[38;5;251m [[39m[38;5;153morg.hibernate.orm.jdbc.error[39m[38;5;251m] ([39m[38;5;250mexecutor-thread-1[39m[38;5;251m) [39m[38;5;251mERROR: column i1_0.createdat does not exist
  Hint: Perhaps you meant to reference the column "i1_0.created_at".
  Position: 33[39m[38;5;203m[39m[38;5;229m
[39m[38;5;251m2026-05-03 10:04:45,880[39m[38;5;251m [39m[38;5;210mERROR[39m[38;5;251m [[39m[38;5;153mio.quarkus.vertx.http.runtime.QuarkusErrorHandler[39m[38;5;251m] ([39m[38;5;250mexecutor-thread-1[39m[38;5;251m) [39m[38;5;251m[38;5;231mHTTP Request to [38;5;253m/api/items[38;5;231m failed, error id: [38;5;253me515eaa4-b7bd-487c-938c-c11d963a9aac-2[38;5;231m[39m[39m[38;5;203m: org.hibernate.exception.SQLGrammarException: JDBC exception executing SQL [ERROR: column i1_0.createdat does not exist
  Hint: Perhaps you meant to reference the column "i1_0.created_at".
  Position: 33] [select i1_0.id,i1_0.category_id,i1_0.createdAt,i1_0.depthCm,i1_0.description,i1_0.heightCm,i1_0.location_id,i1_0.photoUrl,i1_0.price,i1_0.updatedAt,i1_0.widthCm from item i1_0]
	at org.hibernate.exception.internal.SQLStateConversionDelegate.convert(SQLStateConversionDelegate.java:63)
	at org.hibernate.exception.internal.StandardSQLExceptionConverter.convert(StandardSQLExceptionConverter.java:34)
	at org.hibernate.engine.jdbc.spi.SqlExceptionHelper.convert(SqlExceptionHelper.java:115)
	at org.hibernate.sql.results.jdbc.internal.DeferredResultSetAccess.executeQuery(DeferredResultSetAccess.java:292)
	at org.hibernate.sql.results.jdbc.internal.DeferredResultSetAccess.getResultSet(DeferredResultSetAccess.java:188)
	at org.hibernate.sql.results.jdbc.internal.JdbcValuesResultSetImpl.<init>(JdbcValuesResultSetImpl.java:71)
	at org.hibernate.sql.exec.internal.JdbcSelectExecutorStandardImpl.resolveJdbcValues(JdbcSelectExecutorStandardImpl.java:422)
	at org.hibernate.sql.exec.internal.JdbcSelectExecutorStandardImpl.resolveJdbcValuesSource(JdbcSelectExecutorStandardImpl.java:349)
	at org.hibernate.sql.exec.internal.JdbcSelectExecutorStandardImpl.doExecuteQuery(JdbcSelectExecutorStandardImpl.java:143)
	at org.hibernate.sql.exec.internal.JdbcSelectExecutorStandardImpl.executeQuery(JdbcSelectExecutorStandardImpl.java:100)
	at org.hibernate.sql.exec.spi.JdbcSelectExecutor.executeQuery(JdbcSelectExecutor.java:63)
	at org.hibernate.sql.exec.spi.JdbcSelectExecutor.list(JdbcSelectExecutor.java:137)
	at org.hibernate.query.sqm.internal.ConcreteSqmSelectQueryPlan.lambda$new$1(ConcreteSqmSelectQueryPlan.java:134)
	at org.hibernate.query.sqm.internal.ConcreteSqmSelectQueryPlan.withCacheableSqmInterpretation(ConcreteSqmSelectQueryPlan.java:464)
	at org.hibernate.query.sqm.internal.ConcreteSqmSelectQueryPlan.performList(ConcreteSqmSelectQueryPlan.java:392)
	at org.hibernate.query.sqm.internal.SqmSelectionQueryImpl.doList(SqmSelectionQueryImpl.java:407)
	at org.hibernate.query.spi.AbstractSelectionQuery.list(AbstractSelectionQuery.java:153)
	at org.hibernate.query.SelectionQuery.getResultList(SelectionQuery.java:145)
	at io.quarkus.hibernate.orm.panache.common.runtime.CommonPanacheQueryImpl.list(CommonPanacheQueryImpl.java:349)
	at io.quarkus.hibernate.orm.panache.runtime.PanacheQueryImpl.list(PanacheQueryImpl.java:151)
	at io.quarkus.hibernate.orm.panache.runtime.JpaOperations.list(JpaOperations.java:24)
	at io.quarkus.hibernate.orm.panache.runtime.JpaOperations.list(JpaOperations.java:10)
	at io.quarkus.hibernate.orm.panache.common.runtime.AbstractJpaOperations.listAll(AbstractJpaOperations.java:274)
	at com.mike.seaglassstorehouse.repository.ItemRepository.listAll(ItemRepository.java)
	at com.mike.seaglassstorehouse.repository.ItemRepository_ClientProxy.listAll(Unknown Source)
	at com.mike.seaglassstorehouse.service.ItemService.getAllItems(ItemService.java:70)
	at com.mike.seaglassstorehouse.service.ItemService_ClientProxy.getAllItems(Unknown Source)
	at com.mike.seaglassstorehouse.resource.ItemResource.getAllItems(ItemResource.java:53)
	at com.mike.seaglassstorehouse.resource.ItemResource$quarkusrestinvoker$getAllItems_24b8ff5324b575eb6e59e663608dfa48ece5eb1f.invoke(Unknown Source)
	at org.jboss.resteasy.reactive.server.handlers.InvocationHandler.handle(InvocationHandler.java:29)
	at io.quarkus.resteasy.reactive.server.runtime.QuarkusResteasyReactiveRequestContext.invokeHandler(QuarkusResteasyReactiveRequestContext.java:190)
	at org.jboss.resteasy.reactive.common.core.AbstractResteasyReactiveContext.run(AbstractResteasyReactiveContext.java:147)
	at io.quarkus.vertx.core.runtime.VertxCoreRecorder$15.runWith(VertxCoreRecorder.java:677)
	at org.jboss.threads.EnhancedQueueExecutor$Task.doRunWith(EnhancedQueueExecutor.java:2651)
	at org.jboss.threads.EnhancedQueueExecutor$Task.run(EnhancedQueueExecutor.java:2630)
	at org.jboss.threads.EnhancedQueueExecutor.runThreadBody(EnhancedQueueExecutor.java:1622)
	at org.jboss.threads.EnhancedQueueExecutor$ThreadBody.run(EnhancedQueueExecutor.java:1589)
	at org.jboss.threads.DelegatingRunnable.run(DelegatingRunnable.java:11)
	at org.jboss.threads.ThreadLocalResettingRunnable.run(ThreadLocalResettingRunnable.java:11)
	at io.netty.util.concurrent.FastThreadLocalRunnable.run(FastThreadLocalRunnable.java:30)
	at java.base/java.lang.Thread.run(Thread.java:1583)
Caused by: org.postgresql.util.PSQLException: ERROR: column i1_0.createdat does not exist
  Hint: Perhaps you meant to reference the column "i1_0.created_at".
  Position: 33
	at org.postgresql.core.v3.QueryExecutorImpl.receiveErrorResponse(QueryExecutorImpl.java:2875)
	at org.postgresql.core.v3.QueryExecutorImpl.processResults(QueryExecutorImpl.java:2560)
	at org.postgresql.core.v3.QueryExecutorImpl.execute(QueryExecutorImpl.java:429)
	at org.postgresql.jdbc.PgStatement.executeInternal(PgStatement.java:526)
	at org.postgresql.jdbc.PgStatement.execute(PgStatement.java:436)
	at org.postgresql.jdbc.PgPreparedStatement.executeWithFlags(PgPreparedStatement.java:196)
	at org.postgresql.jdbc.PgPreparedStatement.executeQuery(PgPreparedStatement.java:139)
	at io.agroal.pool.wrapper.PreparedStatementWrapper.executeQuery(PreparedStatementWrapper.java:80)
	at org.hibernate.sql.results.jdbc.internal.DeferredResultSetAccess.executeQuery(DeferredResultSetAccess.java:269)
	... 37 more
[39m[38;5;229m
[39m[38;5;251m2026-05-03 10:08:46,973[39m[38;5;251m [39m[38;5;192mINFO [39m[38;5;251m [[39m[38;5;153mio.quarkus.deployment.dev.RuntimeUpdatesProcessor[39m[38;5;251m] ([39m[38;5;250mvert.x-worker-thread-1[39m[38;5;251m) [39m[38;5;251m[38;5;231mFile change detected: [38;5;253m/Users/mikesmith/code/personal/seaglass-storehouse/src/main/resources/application.properties[38;5;231m[39m[39m[38;5;203m[39m[38;5;229m
[39m[38;5;251m2026-05-03 10:08:46,976[39m[38;5;251m [39m[38;5;192mINFO [39m[38;5;251m [[39m[38;5;153mio.quarkus.deployment.dev.RuntimeUpdatesProcessor[39m[38;5;251m] ([39m[38;5;250mvert.x-worker-thread-1[39m[38;5;251m) [39m[38;5;251m[38;5;231mRestarting quarkus due to changes in [38;5;253mapplication.properties[38;5;231m.[39m[39m[38;5;203m[39m[38;5;229m
[39m[38;5;251m2026-05-03 10:08:47,012[39m[38;5;251m [39m[38;5;192mINFO [39m[38;5;251m [[39m[38;5;153mio.quarkus[39m[38;5;251m] ([39m[38;5;250mQuarkus Main Thread[39m[38;5;251m) [39m[38;5;251m[38;5;231m[38;5;253mseaglass-storehouse[38;5;231m[38;5;253m[38;5;231m stopped in [38;5;253m0.032[38;5;231ms[39m[39m[38;5;203m[39m[38;5;229m
[39m__  ____  __  _____   ___  __ ____  ______ 
 --/ __ \/ / / / _ | / _ \/ //_/ / / / __/ 
 -/ /_/ / /_/ / __ |/ , _/ ,< / /_/ /\ \   
--\___\_\____/_/ |_/_/|_/_/|_|\____/___/   
[38;5;251m2026-05-03 10:08:47,474[39m[38;5;251m [39m[38;5;222mWARN [39m[38;5;251m [[39m[38;5;153mio.quarkus.config[39m[38;5;251m] ([39m[38;5;250mQuarkus Main Thread[39m[38;5;251m) [39m[38;5;251m[38;5;231mUnrecognized configuration key "[38;5;253mquarkus.http.cors[38;5;231m" was provided; it will be ignored; verify that the dependency extension for this configuration is set or that you did not make a typo[39m[39m[38;5;203m[39m[38;5;229m
[39m[38;5;251m2026-05-03 10:08:47,476[39m[38;5;251m [39m[38;5;222mWARN [39m[38;5;251m [[39m[38;5;153mio.quarkus.config[39m[38;5;251m] ([39m[38;5;250mQuarkus Main Thread[39m[38;5;251m) [39m[38;5;251m[38;5;231mThe "[38;5;253mquarkus.hibernate-orm.database.generation[38;5;231m" config property is deprecated and should not be used anymore.[39m[39m[38;5;203m[39m[38;5;229m
[39m[38;5;251m2026-05-03 10:08:47,509[39m[38;5;251m [39m[38;5;192mINFO [39m[38;5;251m [[39m[38;5;153morg.flywaydb.core.FlywayExecutor[39m[38;5;251m] ([39m[38;5;250mQuarkus Main Thread[39m[38;5;251m) [39m[38;5;251mDatabase: jdbc:postgresql://localhost:5432/seaglass (PostgreSQL 16.13)[39m[38;5;203m[39m[38;5;229m
[39m[38;5;251m2026-05-03 10:08:47,518[39m[38;5;251m [39m[38;5;192mINFO [39m[38;5;251m [[39m[38;5;153morg.flywaydb.core.internal.command.DbValidate[39m[38;5;251m] ([39m[38;5;250mQuarkus Main Thread[39m[38;5;251m) [39m[38;5;251mSuccessfully validated 1 migration (execution time 00:00.003s)[39m[38;5;203m[39m[38;5;229m
[39m[38;5;251m2026-05-03 10:08:47,540[39m[38;5;251m [39m[38;5;192mINFO [39m[38;5;251m [[39m[38;5;153morg.flywaydb.core.internal.command.DbMigrate[39m[38;5;251m] ([39m[38;5;250mQuarkus Main Thread[39m[38;5;251m) [39m[38;5;251mCurrent version of schema "public": 1[39m[38;5;203m[39m[38;5;229m
[39m[38;5;251m2026-05-03 10:08:47,541[39m[38;5;251m [39m[38;5;192mINFO [39m[38;5;251m [[39m[38;5;153morg.flywaydb.core.internal.command.DbMigrate[39m[38;5;251m] ([39m[38;5;250mQuarkus Main Thread[39m[38;5;251m) [39m[38;5;251mSchema "public" is up to date. No migration necessary.[39m[38;5;203m[39m[38;5;229m
[39m[38;5;251m2026-05-03 10:08:47,557[39m[38;5;251m [39m[38;5;192mINFO [39m[38;5;251m [[39m[38;5;153mio.quarkus[39m[38;5;251m] ([39m[38;5;250mQuarkus Main Thread[39m[38;5;251m) [39m[38;5;251m[38;5;231m[38;5;253mseaglass-storehouse 0.0.1-SNAPSHOT[38;5;231m [38;5;253mon JVM[38;5;231m (powered by Quarkus [38;5;253m3.35.1[38;5;231m) started in [38;5;253m0.545[38;5;231ms. [38;5;253mListening on: http://localhost:8080[38;5;231m[39m[39m[38;5;203m[39m[38;5;229m
[39m[38;5;251m2026-05-03 10:08:47,558[39m[38;5;251m [39m[38;5;192mINFO [39m[38;5;251m [[39m[38;5;153mio.quarkus[39m[38;5;251m] ([39m[38;5;250mQuarkus Main Thread[39m[38;5;251m) [39m[38;5;251m[38;5;231mProfile[38;5;253m[38;5;231m [38;5;253mdev[38;5;231m activated. [38;5;253mLive Coding activated.[38;5;231m[39m[39m[38;5;203m[39m[38;5;229m
[39m[38;5;251m2026-05-03 10:08:47,558[39m[38;5;251m [39m[38;5;192mINFO [39m[38;5;251m [[39m[38;5;153mio.quarkus[39m[38;5;251m] ([39m[38;5;250mQuarkus Main Thread[39m[38;5;251m) [39m[38;5;251m[38;5;231mInstalled features: [[38;5;253magroal, cdi, compose, flyway, hibernate-orm, hibernate-orm-panache, jdbc-postgresql, narayana-jta, rest, rest-jackson, smallrye-context-propagation, vertx[38;5;231m][39m[39m[38;5;203m[39m[38;5;229m
[39m[38;5;251m2026-05-03 10:08:47,558[39m[38;5;251m [39m[38;5;192mINFO [39m[38;5;251m [[39m[38;5;153mio.quarkus.deployment.dev.RuntimeUpdatesProcessor[39m[38;5;251m] ([39m[38;5;250mvert.x-worker-thread-1[39m[38;5;251m) [39m[38;5;251m[38;5;231mLive reload total time: [38;5;253m0.588[38;5;231ms [39m[39m[38;5;203m[39m[38;5;229m
[39m[38;5;251m2026-05-03 10:08:47,558[39m[38;5;251m [39m[38;5;222mWARN [39m[38;5;251m [[39m[38;5;153mio.quarkus.vertx.http.runtime.QuarkusErrorHandler[39m[38;5;251m] ([39m[38;5;250mvert.x-eventloop-thread-0[39m[38;5;251m) [39m[38;5;251mWorker thread pool exhaustion, no more worker threads available - returning a `503 - SERVICE UNAVAILABLE` response.[39m[38;5;203m[39m[38;5;229m
[39m[38;5;251m2026-05-03 10:08:47,564[39m[38;5;251m [39m[38;5;222mWARN [39m[38;5;251m [[39m[38;5;153morg.hibernate.orm.jdbc.error[39m[38;5;251m] ([39m[38;5;250mexecutor-thread-1[39m[38;5;251m) [39m[38;5;251m[38;5;231mHHH000247: ErrorCode: [38;5;253m0[38;5;231m, SQLState: [38;5;253m42703[38;5;231m[39m[39m[38;5;203m[39m[38;5;229m
[39m[38;5;251m2026-05-03 10:08:47,564[39m[38;5;251m [39m[38;5;222mWARN [39m[38;5;251m [[39m[38;5;153morg.hibernate.orm.jdbc.error[39m[38;5;251m] ([39m[38;5;250mexecutor-thread-1[39m[38;5;251m) [39m[38;5;251mERROR: column i1_0.createdat does not exist
  Hint: Perhaps you meant to reference the column "i1_0.created_at".
  Position: 33[39m[38;5;203m[39m[38;5;229m
[39m[38;5;251m2026-05-03 10:08:47,565[39m[38;5;251m [39m[38;5;210mERROR[39m[38;5;251m [[39m[38;5;153mio.quarkus.vertx.http.runtime.QuarkusErrorHandler[39m[38;5;251m] ([39m[38;5;250mexecutor-thread-1[39m[38;5;251m) [39m[38;5;251m[38;5;231mHTTP Request to [38;5;253m/api/items[38;5;231m failed, error id: [38;5;253me515eaa4-b7bd-487c-938c-c11d963a9aac-3[38;5;231m[39m[39m[38;5;203m: org.hibernate.exception.SQLGrammarException: JDBC exception executing SQL [ERROR: column i1_0.createdat does not exist
  Hint: Perhaps you meant to reference the column "i1_0.created_at".
  Position: 33] [select i1_0.id,i1_0.category_id,i1_0.createdAt,i1_0.depthCm,i1_0.description,i1_0.heightCm,i1_0.location_id,i1_0.photoUrl,i1_0.price,i1_0.updatedAt,i1_0.widthCm from item i1_0]
	at org.hibernate.exception.internal.SQLStateConversionDelegate.convert(SQLStateConversionDelegate.java:63)
	at org.hibernate.exception.internal.StandardSQLExceptionConverter.convert(StandardSQLExceptionConverter.java:34)
	at org.hibernate.engine.jdbc.spi.SqlExceptionHelper.convert(SqlExceptionHelper.java:115)
	at org.hibernate.sql.results.jdbc.internal.DeferredResultSetAccess.executeQuery(DeferredResultSetAccess.java:292)
	at org.hibernate.sql.results.jdbc.internal.DeferredResultSetAccess.getResultSet(DeferredResultSetAccess.java:188)
	at org.hibernate.sql.results.jdbc.internal.JdbcValuesResultSetImpl.<init>(JdbcValuesResultSetImpl.java:71)
	at org.hibernate.sql.exec.internal.JdbcSelectExecutorStandardImpl.resolveJdbcValues(JdbcSelectExecutorStandardImpl.java:422)
	at org.hibernate.sql.exec.internal.JdbcSelectExecutorStandardImpl.resolveJdbcValuesSource(JdbcSelectExecutorStandardImpl.java:349)
	at org.hibernate.sql.exec.internal.JdbcSelectExecutorStandardImpl.doExecuteQuery(JdbcSelectExecutorStandardImpl.java:143)
	at org.hibernate.sql.exec.internal.JdbcSelectExecutorStandardImpl.executeQuery(JdbcSelectExecutorStandardImpl.java:100)
	at org.hibernate.sql.exec.spi.JdbcSelectExecutor.executeQuery(JdbcSelectExecutor.java:63)
	at org.hibernate.sql.exec.spi.JdbcSelectExecutor.list(JdbcSelectExecutor.java:137)
	at org.hibernate.query.sqm.internal.ConcreteSqmSelectQueryPlan.lambda$new$1(ConcreteSqmSelectQueryPlan.java:134)
	at org.hibernate.query.sqm.internal.ConcreteSqmSelectQueryPlan.withCacheableSqmInterpretation(ConcreteSqmSelectQueryPlan.java:464)
	at org.hibernate.query.sqm.internal.ConcreteSqmSelectQueryPlan.performList(ConcreteSqmSelectQueryPlan.java:392)
	at org.hibernate.query.sqm.internal.SqmSelectionQueryImpl.doList(SqmSelectionQueryImpl.java:407)
	at org.hibernate.query.spi.AbstractSelectionQuery.list(AbstractSelectionQuery.java:153)
	at org.hibernate.query.SelectionQuery.getResultList(SelectionQuery.java:145)
	at io.quarkus.hibernate.orm.panache.common.runtime.CommonPanacheQueryImpl.list(CommonPanacheQueryImpl.java:349)
	at io.quarkus.hibernate.orm.panache.runtime.PanacheQueryImpl.list(PanacheQueryImpl.java:151)
	at io.quarkus.hibernate.orm.panache.runtime.JpaOperations.list(JpaOperations.java:24)
	at io.quarkus.hibernate.orm.panache.runtime.JpaOperations.list(JpaOperations.java:10)
	at io.quarkus.hibernate.orm.panache.common.runtime.AbstractJpaOperations.listAll(AbstractJpaOperations.java:274)
	at com.mike.seaglassstorehouse.repository.ItemRepository.listAll(ItemRepository.java)
	at com.mike.seaglassstorehouse.repository.ItemRepository_ClientProxy.listAll(Unknown Source)
	at com.mike.seaglassstorehouse.service.ItemService.getAllItems(ItemService.java:70)
	at com.mike.seaglassstorehouse.service.ItemService_ClientProxy.getAllItems(Unknown Source)
	at com.mike.seaglassstorehouse.resource.ItemResource.getAllItems(ItemResource.java:53)
	at com.mike.seaglassstorehouse.resource.ItemResource$quarkusrestinvoker$getAllItems_24b8ff5324b575eb6e59e663608dfa48ece5eb1f.invoke(Unknown Source)
	at org.jboss.resteasy.reactive.server.handlers.InvocationHandler.handle(InvocationHandler.java:29)
	at io.quarkus.resteasy.reactive.server.runtime.QuarkusResteasyReactiveRequestContext.invokeHandler(QuarkusResteasyReactiveRequestContext.java:190)
	at org.jboss.resteasy.reactive.common.core.AbstractResteasyReactiveContext.run(AbstractResteasyReactiveContext.java:147)
	at io.quarkus.vertx.core.runtime.VertxCoreRecorder$15.runWith(VertxCoreRecorder.java:677)
	at org.jboss.threads.EnhancedQueueExecutor$Task.doRunWith(EnhancedQueueExecutor.java:2651)
	at org.jboss.threads.EnhancedQueueExecutor$Task.run(EnhancedQueueExecutor.java:2630)
	at org.jboss.threads.EnhancedQueueExecutor.runThreadBody(EnhancedQueueExecutor.java:1622)
	at org.jboss.threads.EnhancedQueueExecutor$ThreadBody.run(EnhancedQueueExecutor.java:1589)
	at org.jboss.threads.DelegatingRunnable.run(DelegatingRunnable.java:11)
	at org.jboss.threads.ThreadLocalResettingRunnable.run(ThreadLocalResettingRunnable.java:11)
	at io.netty.util.concurrent.FastThreadLocalRunnable.run(FastThreadLocalRunnable.java:30)
	at java.base/java.lang.Thread.run(Thread.java:1583)
Caused by: org.postgresql.util.PSQLException: ERROR: column i1_0.createdat does not exist
  Hint: Perhaps you meant to reference the column "i1_0.created_at".
  Position: 33
	at org.postgresql.core.v3.QueryExecutorImpl.receiveErrorResponse(QueryExecutorImpl.java:2875)
	at org.postgresql.core.v3.QueryExecutorImpl.processResults(QueryExecutorImpl.java:2560)
	at org.postgresql.core.v3.QueryExecutorImpl.execute(QueryExecutorImpl.java:429)
	at org.postgresql.jdbc.PgStatement.executeInternal(PgStatement.java:526)
	at org.postgresql.jdbc.PgStatement.execute(PgStatement.java:436)
	at org.postgresql.jdbc.PgPreparedStatement.executeWithFlags(PgPreparedStatement.java:196)
	at org.postgresql.jdbc.PgPreparedStatement.executeQuery(PgPreparedStatement.java:139)
	at io.agroal.pool.wrapper.PreparedStatementWrapper.executeQuery(PreparedStatementWrapper.java:80)
	at org.hibernate.sql.results.jdbc.internal.DeferredResultSetAccess.executeQuery(DeferredResultSetAccess.java:269)
	... 37 more
[39m[38;5;229m
[39m[38;5;251m2026-05-03 10:08:47,566[39m[38;5;251m [39m[38;5;210mERROR[39m[38;5;251m [[39m[38;5;153mio.quarkus.hibernate.orm.runtime.schema.SchemaManagementIntegrator[39m[38;5;251m] ([39m[38;5;250mHibernate post-boot validation thread for <default>[39m[38;5;251m) [39m[38;5;251mFailed to validate Schema: Schema validation: missing column [createdAt] in table [item][39m[38;5;203m[39m[38;5;229m
[39m[38;5;251m2026-05-03 10:08:47,580[39m[38;5;251m [39m[38;5;210mERROR[39m[38;5;251m [[39m[38;5;153mio.quarkus.hibernate.orm.runtime.schema.SchemaManagementIntegrator[39m[38;5;251m] ([39m[38;5;250mHibernate post-boot validation thread for <default>[39m[38;5;251m) [39m[38;5;251mThe following SQL may resolve the database issues, as generated by the Hibernate schema migration tool. WARNING: You must manually verify this SQL is correct, this is a best effort guess, do not copy/paste it without verifying that it does what you expect.

alter table if exists category alter column name set data type varchar(255);
alter table if exists item add column createdAt timestamp(6) with time zone not null;
alter table if exists item add column depthCm numeric(38,2);
alter table if exists item alter column description set data type varchar(255);
alter table if exists item add column heightCm numeric(38,2);
alter table if exists item add column photoUrl varchar(255);
alter table if exists item alter column price set data type numeric(38,2);
alter table if exists item add column updatedAt timestamp(6) with time zone not null;
alter table if exists item add column widthCm numeric(38,2);
alter table if exists location alter column name set data type varchar(255);
[39m[38;5;203m[39m[38;5;229m
[39m[38;5;251m2026-05-03 10:08:47,583[39m[38;5;251m [39m[38;5;222mWARN [39m[38;5;251m [[39m[38;5;153morg.hibernate.orm.jdbc.error[39m[38;5;251m] ([39m[38;5;250mexecutor-thread-2[39m[38;5;251m) [39m[38;5;251m[38;5;231mHHH000247: ErrorCode: [38;5;253m0[38;5;231m, SQLState: [38;5;253m42703[38;5;231m[39m[39m[38;5;203m[39m[38;5;229m
[39m[38;5;251m2026-05-03 10:08:47,583[39m[38;5;251m [39m[38;5;222mWARN [39m[38;5;251m [[39m[38;5;153morg.hibernate.orm.jdbc.error[39m[38;5;251m] ([39m[38;5;250mexecutor-thread-2[39m[38;5;251m) [39m[38;5;251mERROR: column i1_0.createdat does not exist
  Hint: Perhaps you meant to reference the column "i1_0.created_at".
  Position: 33[39m[38;5;203m[39m[38;5;229m
[39m[38;5;251m2026-05-03 10:08:47,583[39m[38;5;251m [39m[38;5;210mERROR[39m[38;5;251m [[39m[38;5;153mio.quarkus.vertx.http.runtime.QuarkusErrorHandler[39m[38;5;251m] ([39m[38;5;250mexecutor-thread-2[39m[38;5;251m) [39m[38;5;251m[38;5;231mHTTP Request to [38;5;253m/api/items[38;5;231m failed, error id: [38;5;253me515eaa4-b7bd-487c-938c-c11d963a9aac-4[38;5;231m[39m[39m[38;5;203m: org.hibernate.exception.SQLGrammarException: JDBC exception executing SQL [ERROR: column i1_0.createdat does not exist
  Hint: Perhaps you meant to reference the column "i1_0.created_at".
  Position: 33] [select i1_0.id,i1_0.category_id,i1_0.createdAt,i1_0.depthCm,i1_0.description,i1_0.heightCm,i1_0.location_id,i1_0.photoUrl,i1_0.price,i1_0.updatedAt,i1_0.widthCm from item i1_0]
	at org.hibernate.exception.internal.SQLStateConversionDelegate.convert(SQLStateConversionDelegate.java:63)
	at org.hibernate.exception.internal.StandardSQLExceptionConverter.convert(StandardSQLExceptionConverter.java:34)
	at org.hibernate.engine.jdbc.spi.SqlExceptionHelper.convert(SqlExceptionHelper.java:115)
	at org.hibernate.sql.results.jdbc.internal.DeferredResultSetAccess.executeQuery(DeferredResultSetAccess.java:292)
	at org.hibernate.sql.results.jdbc.internal.DeferredResultSetAccess.getResultSet(DeferredResultSetAccess.java:188)
	at org.hibernate.sql.results.jdbc.internal.JdbcValuesResultSetImpl.<init>(JdbcValuesResultSetImpl.java:71)
	at org.hibernate.sql.exec.internal.JdbcSelectExecutorStandardImpl.resolveJdbcValues(JdbcSelectExecutorStandardImpl.java:422)
	at org.hibernate.sql.exec.internal.JdbcSelectExecutorStandardImpl.resolveJdbcValuesSource(JdbcSelectExecutorStandardImpl.java:349)
	at org.hibernate.sql.exec.internal.JdbcSelectExecutorStandardImpl.doExecuteQuery(JdbcSelectExecutorStandardImpl.java:143)
	at org.hibernate.sql.exec.internal.JdbcSelectExecutorStandardImpl.executeQuery(JdbcSelectExecutorStandardImpl.java:100)
	at org.hibernate.sql.exec.spi.JdbcSelectExecutor.executeQuery(JdbcSelectExecutor.java:63)
	at org.hibernate.sql.exec.spi.JdbcSelectExecutor.list(JdbcSelectExecutor.java:137)
	at org.hibernate.query.sqm.internal.ConcreteSqmSelectQueryPlan.lambda$new$1(ConcreteSqmSelectQueryPlan.java:134)
	at org.hibernate.query.sqm.internal.ConcreteSqmSelectQueryPlan.withCacheableSqmInterpretation(ConcreteSqmSelectQueryPlan.java:464)
	at org.hibernate.query.sqm.internal.ConcreteSqmSelectQueryPlan.performList(ConcreteSqmSelectQueryPlan.java:392)
	at org.hibernate.query.sqm.internal.SqmSelectionQueryImpl.doList(SqmSelectionQueryImpl.java:407)
	at org.hibernate.query.spi.AbstractSelectionQuery.list(AbstractSelectionQuery.java:153)
	at org.hibernate.query.SelectionQuery.getResultList(SelectionQuery.java:145)
	at io.quarkus.hibernate.orm.panache.common.runtime.CommonPanacheQueryImpl.list(CommonPanacheQueryImpl.java:349)
	at io.quarkus.hibernate.orm.panache.runtime.PanacheQueryImpl.list(PanacheQueryImpl.java:151)
	at io.quarkus.hibernate.orm.panache.runtime.JpaOperations.list(JpaOperations.java:24)
	at io.quarkus.hibernate.orm.panache.runtime.JpaOperations.list(JpaOperations.java:10)
	at io.quarkus.hibernate.orm.panache.common.runtime.AbstractJpaOperations.listAll(AbstractJpaOperations.java:274)
	at com.mike.seaglassstorehouse.repository.ItemRepository.listAll(ItemRepository.java)
	at com.mike.seaglassstorehouse.repository.ItemRepository_ClientProxy.listAll(Unknown Source)
	at com.mike.seaglassstorehouse.service.ItemService.getAllItems(ItemService.java:70)
	at com.mike.seaglassstorehouse.service.ItemService_ClientProxy.getAllItems(Unknown Source)
	at com.mike.seaglassstorehouse.resource.ItemResource.getAllItems(ItemResource.java:53)
	at com.mike.seaglassstorehouse.resource.ItemResource$quarkusrestinvoker$getAllItems_24b8ff5324b575eb6e59e663608dfa48ece5eb1f.invoke(Unknown Source)
	at org.jboss.resteasy.reactive.server.handlers.InvocationHandler.handle(InvocationHandler.java:29)
	at io.quarkus.resteasy.reactive.server.runtime.QuarkusResteasyReactiveRequestContext.invokeHandler(QuarkusResteasyReactiveRequestContext.java:190)
	at org.jboss.resteasy.reactive.common.core.AbstractResteasyReactiveContext.run(AbstractResteasyReactiveContext.java:147)
	at io.quarkus.vertx.core.runtime.VertxCoreRecorder$15.runWith(VertxCoreRecorder.java:677)
	at org.jboss.threads.EnhancedQueueExecutor$Task.doRunWith(EnhancedQueueExecutor.java:2651)
	at org.jboss.threads.EnhancedQueueExecutor$Task.run(EnhancedQueueExecutor.java:2630)
	at org.jboss.threads.EnhancedQueueExecutor$ThreadBody.run(EnhancedQueueExecutor.java:1586)
	at org.jboss.threads.DelegatingRunnable.run(DelegatingRunnable.java:11)
	at org.jboss.threads.ThreadLocalResettingRunnable.run(ThreadLocalResettingRunnable.java:11)
	at io.netty.util.concurrent.FastThreadLocalRunnable.run(FastThreadLocalRunnable.java:30)
	at java.base/java.lang.Thread.run(Thread.java:1583)
Caused by: org.postgresql.util.PSQLException: ERROR: column i1_0.createdat does not exist
  Hint: Perhaps you meant to reference the column "i1_0.created_at".
  Position: 33
	at org.postgresql.core.v3.QueryExecutorImpl.receiveErrorResponse(QueryExecutorImpl.java:2875)
	at org.postgresql.core.v3.QueryExecutorImpl.processResults(QueryExecutorImpl.java:2560)
	at org.postgresql.core.v3.QueryExecutorImpl.execute(QueryExecutorImpl.java:429)
	at org.postgresql.jdbc.PgStatement.executeInternal(PgStatement.java:526)
	at org.postgresql.jdbc.PgStatement.execute(PgStatement.java:436)
	at org.postgresql.jdbc.PgPreparedStatement.executeWithFlags(PgPreparedStatement.java:196)
	at org.postgresql.jdbc.PgPreparedStatement.executeQuery(PgPreparedStatement.java:139)
	at io.agroal.pool.wrapper.PreparedStatementWrapper.executeQuery(PreparedStatementWrapper.java:80)
	at org.hibernate.sql.results.jdbc.internal.DeferredResultSetAccess.executeQuery(DeferredResultSetAccess.java:269)
	... 36 more
[39m[38;5;229m
[39m[38;5;251m2026-05-03 10:08:52,743[39m[38;5;251m [39m[38;5;222mWARN [39m[38;5;251m [[39m[38;5;153morg.hibernate.orm.jdbc.error[39m[38;5;251m] ([39m[38;5;250mexecutor-thread-1[39m[38;5;251m) [39m[38;5;251m[38;5;231mHHH000247: ErrorCode: [38;5;253m0[38;5;231m, SQLState: [38;5;253m42703[38;5;231m[39m[39m[38;5;203m[39m[38;5;229m
[39m[38;5;251m2026-05-03 10:08:52,744[39m[38;5;251m [39m[38;5;222mWARN [39m[38;5;251m [[39m[38;5;153morg.hibernate.orm.jdbc.error[39m[38;5;251m] ([39m[38;5;250mexecutor-thread-1[39m[38;5;251m) [39m[38;5;251mERROR: column i1_0.createdat does not exist
  Hint: Perhaps you meant to reference the column "i1_0.created_at".
  Position: 33[39m[38;5;203m[39m[38;5;229m
[39m[38;5;251m2026-05-03 10:08:52,744[39m[38;5;251m [39m[38;5;210mERROR[39m[38;5;251m [[39m[38;5;153mio.quarkus.vertx.http.runtime.QuarkusErrorHandler[39m[38;5;251m] ([39m[38;5;250mexecutor-thread-1[39m[38;5;251m) [39m[38;5;251m[38;5;231mHTTP Request to [38;5;253m/api/items[38;5;231m failed, error id: [38;5;253me515eaa4-b7bd-487c-938c-c11d963a9aac-5[38;5;231m[39m[39m[38;5;203m: org.hibernate.exception.SQLGrammarException: JDBC exception executing SQL [ERROR: column i1_0.createdat does not exist
  Hint: Perhaps you meant to reference the column "i1_0.created_at".
  Position: 33] [select i1_0.id,i1_0.category_id,i1_0.createdAt,i1_0.depthCm,i1_0.description,i1_0.heightCm,i1_0.location_id,i1_0.photoUrl,i1_0.price,i1_0.updatedAt,i1_0.widthCm from item i1_0]
	at org.hibernate.exception.internal.SQLStateConversionDelegate.convert(SQLStateConversionDelegate.java:63)
	at org.hibernate.exception.internal.StandardSQLExceptionConverter.convert(StandardSQLExceptionConverter.java:34)
	at org.hibernate.engine.jdbc.spi.SqlExceptionHelper.convert(SqlExceptionHelper.java:115)
	at org.hibernate.sql.results.jdbc.internal.DeferredResultSetAccess.executeQuery(DeferredResultSetAccess.java:292)
	at org.hibernate.sql.results.jdbc.internal.DeferredResultSetAccess.getResultSet(DeferredResultSetAccess.java:188)
	at org.hibernate.sql.results.jdbc.internal.JdbcValuesResultSetImpl.<init>(JdbcValuesResultSetImpl.java:71)
	at org.hibernate.sql.exec.internal.JdbcSelectExecutorStandardImpl.resolveJdbcValues(JdbcSelectExecutorStandardImpl.java:422)
	at org.hibernate.sql.exec.internal.JdbcSelectExecutorStandardImpl.resolveJdbcValuesSource(JdbcSelectExecutorStandardImpl.java:349)
	at org.hibernate.sql.exec.internal.JdbcSelectExecutorStandardImpl.doExecuteQuery(JdbcSelectExecutorStandardImpl.java:143)
	at org.hibernate.sql.exec.internal.JdbcSelectExecutorStandardImpl.executeQuery(JdbcSelectExecutorStandardImpl.java:100)
	at org.hibernate.sql.exec.spi.JdbcSelectExecutor.executeQuery(JdbcSelectExecutor.java:63)
	at org.hibernate.sql.exec.spi.JdbcSelectExecutor.list(JdbcSelectExecutor.java:137)
	at org.hibernate.query.sqm.internal.ConcreteSqmSelectQueryPlan.lambda$new$1(ConcreteSqmSelectQueryPlan.java:134)
	at org.hibernate.query.sqm.internal.ConcreteSqmSelectQueryPlan.withCacheableSqmInterpretation(ConcreteSqmSelectQueryPlan.java:464)
	at org.hibernate.query.sqm.internal.ConcreteSqmSelectQueryPlan.performList(ConcreteSqmSelectQueryPlan.java:392)
	at org.hibernate.query.sqm.internal.SqmSelectionQueryImpl.doList(SqmSelectionQueryImpl.java:407)
	at org.hibernate.query.spi.AbstractSelectionQuery.list(AbstractSelectionQuery.java:153)
	at org.hibernate.query.SelectionQuery.getResultList(SelectionQuery.java:145)
	at io.quarkus.hibernate.orm.panache.common.runtime.CommonPanacheQueryImpl.list(CommonPanacheQueryImpl.java:349)
	at io.quarkus.hibernate.orm.panache.runtime.PanacheQueryImpl.list(PanacheQueryImpl.java:151)
	at io.quarkus.hibernate.orm.panache.runtime.JpaOperations.list(JpaOperations.java:24)
	at io.quarkus.hibernate.orm.panache.runtime.JpaOperations.list(JpaOperations.java:10)
	at io.quarkus.hibernate.orm.panache.common.runtime.AbstractJpaOperations.listAll(AbstractJpaOperations.java:274)
	at com.mike.seaglassstorehouse.repository.ItemRepository.listAll(ItemRepository.java)
	at com.mike.seaglassstorehouse.repository.ItemRepository_ClientProxy.listAll(Unknown Source)
	at com.mike.seaglassstorehouse.service.ItemService.getAllItems(ItemService.java:70)
	at com.mike.seaglassstorehouse.service.ItemService_ClientProxy.getAllItems(Unknown Source)
	at com.mike.seaglassstorehouse.resource.ItemResource.getAllItems(ItemResource.java:53)
	at com.mike.seaglassstorehouse.resource.ItemResource$quarkusrestinvoker$getAllItems_24b8ff5324b575eb6e59e663608dfa48ece5eb1f.invoke(Unknown Source)
	at org.jboss.resteasy.reactive.server.handlers.InvocationHandler.handle(InvocationHandler.java:29)
	at io.quarkus.resteasy.reactive.server.runtime.QuarkusResteasyReactiveRequestContext.invokeHandler(QuarkusResteasyReactiveRequestContext.java:190)
	at org.jboss.resteasy.reactive.common.core.AbstractResteasyReactiveContext.run(AbstractResteasyReactiveContext.java:147)
	at io.quarkus.vertx.core.runtime.VertxCoreRecorder$15.runWith(VertxCoreRecorder.java:677)
	at org.jboss.threads.EnhancedQueueExecutor$Task.doRunWith(EnhancedQueueExecutor.java:2651)
	at org.jboss.threads.EnhancedQueueExecutor$Task.run(EnhancedQueueExecutor.java:2630)
	at org.jboss.threads.EnhancedQueueExecutor.runThreadBody(EnhancedQueueExecutor.java:1622)
	at org.jboss.threads.EnhancedQueueExecutor$ThreadBody.run(EnhancedQueueExecutor.java:1589)
	at org.jboss.threads.DelegatingRunnable.run(DelegatingRunnable.java:11)
	at org.jboss.threads.ThreadLocalResettingRunnable.run(ThreadLocalResettingRunnable.java:11)
	at io.netty.util.concurrent.FastThreadLocalRunnable.run(FastThreadLocalRunnable.java:30)
	at java.base/java.lang.Thread.run(Thread.java:1583)
Caused by: org.postgresql.util.PSQLException: ERROR: column i1_0.createdat does not exist
  Hint: Perhaps you meant to reference the column "i1_0.created_at".
  Position: 33
	at org.postgresql.core.v3.QueryExecutorImpl.receiveErrorResponse(QueryExecutorImpl.java:2875)
	at org.postgresql.core.v3.QueryExecutorImpl.processResults(QueryExecutorImpl.java:2560)
	at org.postgresql.core.v3.QueryExecutorImpl.execute(QueryExecutorImpl.java:429)
	at org.postgresql.jdbc.PgStatement.executeInternal(PgStatement.java:526)
	at org.postgresql.jdbc.PgStatement.execute(PgStatement.java:436)
	at org.postgresql.jdbc.PgPreparedStatement.executeWithFlags(PgPreparedStatement.java:196)
	at org.postgresql.jdbc.PgPreparedStatement.executeQuery(PgPreparedStatement.java:139)
	at io.agroal.pool.wrapper.PreparedStatementWrapper.executeQuery(PreparedStatementWrapper.java:80)
	at org.hibernate.sql.results.jdbc.internal.DeferredResultSetAccess.executeQuery(DeferredResultSetAccess.java:269)
	... 37 more
[39m[38;5;229m
[39m[38;5;251m2026-05-03 10:08:52,758[39m[38;5;251m [39m[38;5;222mWARN [39m[38;5;251m [[39m[38;5;153morg.hibernate.orm.jdbc.error[39m[38;5;251m] ([39m[38;5;250mexecutor-thread-1[39m[38;5;251m) [39m[38;5;251m[38;5;231mHHH000247: ErrorCode: [38;5;253m0[38;5;231m, SQLState: [38;5;253m42703[38;5;231m[39m[39m[38;5;203m[39m[38;5;229m
[39m[38;5;251m2026-05-03 10:08:52,759[39m[38;5;251m [39m[38;5;222mWARN [39m[38;5;251m [[39m[38;5;153morg.hibernate.orm.jdbc.error[39m[38;5;251m] ([39m[38;5;250mexecutor-thread-1[39m[38;5;251m) [39m[38;5;251mERROR: column i1_0.createdat does not exist
  Hint: Perhaps you meant to reference the column "i1_0.created_at".
  Position: 33[39m[38;5;203m[39m[38;5;229m
[39m[38;5;251m2026-05-03 10:08:52,760[39m[38;5;251m [39m[38;5;210mERROR[39m[38;5;251m [[39m[38;5;153mio.quarkus.vertx.http.runtime.QuarkusErrorHandler[39m[38;5;251m] ([39m[38;5;250mexecutor-thread-1[39m[38;5;251m) [39m[38;5;251m[38;5;231mHTTP Request to [38;5;253m/api/items[38;5;231m failed, error id: [38;5;253me515eaa4-b7bd-487c-938c-c11d963a9aac-6[38;5;231m[39m[39m[38;5;203m: org.hibernate.exception.SQLGrammarException: JDBC exception executing SQL [ERROR: column i1_0.createdat does not exist
  Hint: Perhaps you meant to reference the column "i1_0.created_at".
  Position: 33] [select i1_0.id,i1_0.category_id,i1_0.createdAt,i1_0.depthCm,i1_0.description,i1_0.heightCm,i1_0.location_id,i1_0.photoUrl,i1_0.price,i1_0.updatedAt,i1_0.widthCm from item i1_0]
	at org.hibernate.exception.internal.SQLStateConversionDelegate.convert(SQLStateConversionDelegate.java:63)
	at org.hibernate.exception.internal.StandardSQLExceptionConverter.convert(StandardSQLExceptionConverter.java:34)
	at org.hibernate.engine.jdbc.spi.SqlExceptionHelper.convert(SqlExceptionHelper.java:115)
	at org.hibernate.sql.results.jdbc.internal.DeferredResultSetAccess.executeQuery(DeferredResultSetAccess.java:292)
	at org.hibernate.sql.results.jdbc.internal.DeferredResultSetAccess.getResultSet(DeferredResultSetAccess.java:188)
	at org.hibernate.sql.results.jdbc.internal.JdbcValuesResultSetImpl.<init>(JdbcValuesResultSetImpl.java:71)
	at org.hibernate.sql.exec.internal.JdbcSelectExecutorStandardImpl.resolveJdbcValues(JdbcSelectExecutorStandardImpl.java:422)
	at org.hibernate.sql.exec.internal.JdbcSelectExecutorStandardImpl.resolveJdbcValuesSource(JdbcSelectExecutorStandardImpl.java:349)
	at org.hibernate.sql.exec.internal.JdbcSelectExecutorStandardImpl.doExecuteQuery(JdbcSelectExecutorStandardImpl.java:143)
	at org.hibernate.sql.exec.internal.JdbcSelectExecutorStandardImpl.executeQuery(JdbcSelectExecutorStandardImpl.java:100)
	at org.hibernate.sql.exec.spi.JdbcSelectExecutor.executeQuery(JdbcSelectExecutor.java:63)
	at org.hibernate.sql.exec.spi.JdbcSelectExecutor.list(JdbcSelectExecutor.java:137)
	at org.hibernate.query.sqm.internal.ConcreteSqmSelectQueryPlan.lambda$new$1(ConcreteSqmSelectQueryPlan.java:134)
	at org.hibernate.query.sqm.internal.ConcreteSqmSelectQueryPlan.withCacheableSqmInterpretation(ConcreteSqmSelectQueryPlan.java:464)
	at org.hibernate.query.sqm.internal.ConcreteSqmSelectQueryPlan.performList(ConcreteSqmSelectQueryPlan.java:392)
	at org.hibernate.query.sqm.internal.SqmSelectionQueryImpl.doList(SqmSelectionQueryImpl.java:407)
	at org.hibernate.query.spi.AbstractSelectionQuery.list(AbstractSelectionQuery.java:153)
	at org.hibernate.query.SelectionQuery.getResultList(SelectionQuery.java:145)
	at io.quarkus.hibernate.orm.panache.common.runtime.CommonPanacheQueryImpl.list(CommonPanacheQueryImpl.java:349)
	at io.quarkus.hibernate.orm.panache.runtime.PanacheQueryImpl.list(PanacheQueryImpl.java:151)
	at io.quarkus.hibernate.orm.panache.runtime.JpaOperations.list(JpaOperations.java:24)
	at io.quarkus.hibernate.orm.panache.runtime.JpaOperations.list(JpaOperations.java:10)
	at io.quarkus.hibernate.orm.panache.common.runtime.AbstractJpaOperations.listAll(AbstractJpaOperations.java:274)
	at com.mike.seaglassstorehouse.repository.ItemRepository.listAll(ItemRepository.java)
	at com.mike.seaglassstorehouse.repository.ItemRepository_ClientProxy.listAll(Unknown Source)
	at com.mike.seaglassstorehouse.service.ItemService.getAllItems(ItemService.java:70)
	at com.mike.seaglassstorehouse.service.ItemService_ClientProxy.getAllItems(Unknown Source)
	at com.mike.seaglassstorehouse.resource.ItemResource.getAllItems(ItemResource.java:53)
	at com.mike.seaglassstorehouse.resource.ItemResource$quarkusrestinvoker$getAllItems_24b8ff5324b575eb6e59e663608dfa48ece5eb1f.invoke(Unknown Source)
	at org.jboss.resteasy.reactive.server.handlers.InvocationHandler.handle(InvocationHandler.java:29)
	at io.quarkus.resteasy.reactive.server.runtime.QuarkusResteasyReactiveRequestContext.invokeHandler(QuarkusResteasyReactiveRequestContext.java:190)
	at org.jboss.resteasy.reactive.common.core.AbstractResteasyReactiveContext.run(AbstractResteasyReactiveContext.java:147)
	at io.quarkus.vertx.core.runtime.VertxCoreRecorder$15.runWith(VertxCoreRecorder.java:677)
	at org.jboss.threads.EnhancedQueueExecutor$Task.doRunWith(EnhancedQueueExecutor.java:2651)
	at org.jboss.threads.EnhancedQueueExecutor$Task.run(EnhancedQueueExecutor.java:2630)
	at org.jboss.threads.EnhancedQueueExecutor.runThreadBody(EnhancedQueueExecutor.java:1622)
	at org.jboss.threads.EnhancedQueueExecutor$ThreadBody.run(EnhancedQueueExecutor.java:1589)
	at org.jboss.threads.DelegatingRunnable.run(DelegatingRunnable.java:11)
	at org.jboss.threads.ThreadLocalResettingRunnable.run(ThreadLocalResettingRunnable.java:11)
	at io.netty.util.concurrent.FastThreadLocalRunnable.run(FastThreadLocalRunnable.java:30)
	at java.base/java.lang.Thread.run(Thread.java:1583)
Caused by: org.postgresql.util.PSQLException: ERROR: column i1_0.createdat does not exist
  Hint: Perhaps you meant to reference the column "i1_0.created_at".
  Position: 33
	at org.postgresql.core.v3.QueryExecutorImpl.receiveErrorResponse(QueryExecutorImpl.java:2875)
	at org.postgresql.core.v3.QueryExecutorImpl.processResults(QueryExecutorImpl.java:2560)
	at org.postgresql.core.v3.QueryExecutorImpl.execute(QueryExecutorImpl.java:429)
	at org.postgresql.jdbc.PgStatement.executeInternal(PgStatement.java:526)
	at org.postgresql.jdbc.PgStatement.execute(PgStatement.java:436)
	at org.postgresql.jdbc.PgPreparedStatement.executeWithFlags(PgPreparedStatement.java:196)
	at org.postgresql.jdbc.PgPreparedStatement.executeQuery(PgPreparedStatement.java:139)
	at io.agroal.pool.wrapper.PreparedStatementWrapper.executeQuery(PreparedStatementWrapper.java:80)
	at org.hibernate.sql.results.jdbc.internal.DeferredResultSetAccess.executeQuery(DeferredResultSetAccess.java:269)
	... 37 more
[39m[38;5;229m
[39m[38;5;251m2026-05-03 10:08:58,250[39m[38;5;251m [39m[38;5;222mWARN [39m[38;5;251m [[39m[38;5;153morg.hibernate.orm.jdbc.error[39m[38;5;251m] ([39m[38;5;250mexecutor-thread-2[39m[38;5;251m) [39m[38;5;251m[38;5;231mHHH000247: ErrorCode: [38;5;253m0[38;5;231m, SQLState: [38;5;253m42703[38;5;231m[39m[39m[38;5;203m[39m[38;5;229m
[39m[38;5;251m2026-05-03 10:08:58,250[39m[38;5;251m [39m[38;5;222mWARN [39m[38;5;251m [[39m[38;5;153morg.hibernate.orm.jdbc.error[39m[38;5;251m] ([39m[38;5;250mexecutor-thread-2[39m[38;5;251m) [39m[38;5;251mERROR: column i1_0.createdat does not exist
  Hint: Perhaps you meant to reference the column "i1_0.created_at".
  Position: 33[39m[38;5;203m[39m[38;5;229m
[39m[38;5;251m2026-05-03 10:08:58,251[39m[38;5;251m [39m[38;5;210mERROR[39m[38;5;251m [[39m[38;5;153mio.quarkus.vertx.http.runtime.QuarkusErrorHandler[39m[38;5;251m] ([39m[38;5;250mexecutor-thread-2[39m[38;5;251m) [39m[38;5;251m[38;5;231mHTTP Request to [38;5;253m/api/items[38;5;231m failed, error id: [38;5;253me515eaa4-b7bd-487c-938c-c11d963a9aac-7[38;5;231m[39m[39m[38;5;203m: org.hibernate.exception.SQLGrammarException: JDBC exception executing SQL [ERROR: column i1_0.createdat does not exist
  Hint: Perhaps you meant to reference the column "i1_0.created_at".
  Position: 33] [select i1_0.id,i1_0.category_id,i1_0.createdAt,i1_0.depthCm,i1_0.description,i1_0.heightCm,i1_0.location_id,i1_0.photoUrl,i1_0.price,i1_0.updatedAt,i1_0.widthCm from item i1_0]
	at org.hibernate.exception.internal.SQLStateConversionDelegate.convert(SQLStateConversionDelegate.java:63)
	at org.hibernate.exception.internal.StandardSQLExceptionConverter.convert(StandardSQLExceptionConverter.java:34)
	at org.hibernate.engine.jdbc.spi.SqlExceptionHelper.convert(SqlExceptionHelper.java:115)
	at org.hibernate.sql.results.jdbc.internal.DeferredResultSetAccess.executeQuery(DeferredResultSetAccess.java:292)
	at org.hibernate.sql.results.jdbc.internal.DeferredResultSetAccess.getResultSet(DeferredResultSetAccess.java:188)
	at org.hibernate.sql.results.jdbc.internal.JdbcValuesResultSetImpl.<init>(JdbcValuesResultSetImpl.java:71)
	at org.hibernate.sql.exec.internal.JdbcSelectExecutorStandardImpl.resolveJdbcValues(JdbcSelectExecutorStandardImpl.java:422)
	at org.hibernate.sql.exec.internal.JdbcSelectExecutorStandardImpl.resolveJdbcValuesSource(JdbcSelectExecutorStandardImpl.java:349)
	at org.hibernate.sql.exec.internal.JdbcSelectExecutorStandardImpl.doExecuteQuery(JdbcSelectExecutorStandardImpl.java:143)
	at org.hibernate.sql.exec.internal.JdbcSelectExecutorStandardImpl.executeQuery(JdbcSelectExecutorStandardImpl.java:100)
	at org.hibernate.sql.exec.spi.JdbcSelectExecutor.executeQuery(JdbcSelectExecutor.java:63)
	at org.hibernate.sql.exec.spi.JdbcSelectExecutor.list(JdbcSelectExecutor.java:137)
	at org.hibernate.query.sqm.internal.ConcreteSqmSelectQueryPlan.lambda$new$1(ConcreteSqmSelectQueryPlan.java:134)
	at org.hibernate.query.sqm.internal.ConcreteSqmSelectQueryPlan.withCacheableSqmInterpretation(ConcreteSqmSelectQueryPlan.java:464)
	at org.hibernate.query.sqm.internal.ConcreteSqmSelectQueryPlan.performList(ConcreteSqmSelectQueryPlan.java:392)
	at org.hibernate.query.sqm.internal.SqmSelectionQueryImpl.doList(SqmSelectionQueryImpl.java:407)
	at org.hibernate.query.spi.AbstractSelectionQuery.list(AbstractSelectionQuery.java:153)
	at org.hibernate.query.SelectionQuery.getResultList(SelectionQuery.java:145)
	at io.quarkus.hibernate.orm.panache.common.runtime.CommonPanacheQueryImpl.list(CommonPanacheQueryImpl.java:349)
	at io.quarkus.hibernate.orm.panache.runtime.PanacheQueryImpl.list(PanacheQueryImpl.java:151)
	at io.quarkus.hibernate.orm.panache.runtime.JpaOperations.list(JpaOperations.java:24)
	at io.quarkus.hibernate.orm.panache.runtime.JpaOperations.list(JpaOperations.java:10)
	at io.quarkus.hibernate.orm.panache.common.runtime.AbstractJpaOperations.listAll(AbstractJpaOperations.java:274)
	at com.mike.seaglassstorehouse.repository.ItemRepository.listAll(ItemRepository.java)
	at com.mike.seaglassstorehouse.repository.ItemRepository_ClientProxy.listAll(Unknown Source)
	at com.mike.seaglassstorehouse.service.ItemService.getAllItems(ItemService.java:70)
	at com.mike.seaglassstorehouse.service.ItemService_ClientProxy.getAllItems(Unknown Source)
	at com.mike.seaglassstorehouse.resource.ItemResource.getAllItems(ItemResource.java:53)
	at com.mike.seaglassstorehouse.resource.ItemResource$quarkusrestinvoker$getAllItems_24b8ff5324b575eb6e59e663608dfa48ece5eb1f.invoke(Unknown Source)
	at org.jboss.resteasy.reactive.server.handlers.InvocationHandler.handle(InvocationHandler.java:29)
	at io.quarkus.resteasy.reactive.server.runtime.QuarkusResteasyReactiveRequestContext.invokeHandler(QuarkusResteasyReactiveRequestContext.java:190)
	at org.jboss.resteasy.reactive.common.core.AbstractResteasyReactiveContext.run(AbstractResteasyReactiveContext.java:147)
	at io.quarkus.vertx.core.runtime.VertxCoreRecorder$15.runWith(VertxCoreRecorder.java:677)
	at org.jboss.threads.EnhancedQueueExecutor$Task.doRunWith(EnhancedQueueExecutor.java:2651)
	at org.jboss.threads.EnhancedQueueExecutor$Task.run(EnhancedQueueExecutor.java:2630)
	at org.jboss.threads.EnhancedQueueExecutor.runThreadBody(EnhancedQueueExecutor.java:1622)
	at org.jboss.threads.EnhancedQueueExecutor$ThreadBody.run(EnhancedQueueExecutor.java:1589)
	at org.jboss.threads.DelegatingRunnable.run(DelegatingRunnable.java:11)
	at org.jboss.threads.ThreadLocalResettingRunnable.run(ThreadLocalResettingRunnable.java:11)
	at io.netty.util.concurrent.FastThreadLocalRunnable.run(FastThreadLocalRunnable.java:30)
	at java.base/java.lang.Thread.run(Thread.java:1583)
Caused by: org.postgresql.util.PSQLException: ERROR: column i1_0.createdat does not exist
  Hint: Perhaps you meant to reference the column "i1_0.created_at".
  Position: 33
	at org.postgresql.core.v3.QueryExecutorImpl.receiveErrorResponse(QueryExecutorImpl.java:2875)
	at org.postgresql.core.v3.QueryExecutorImpl.processResults(QueryExecutorImpl.java:2560)
	at org.postgresql.core.v3.QueryExecutorImpl.execute(QueryExecutorImpl.java:429)
	at org.postgresql.jdbc.PgStatement.executeInternal(PgStatement.java:526)
	at org.postgresql.jdbc.PgStatement.execute(PgStatement.java:436)
	at org.postgresql.jdbc.PgPreparedStatement.executeWithFlags(PgPreparedStatement.java:196)
	at org.postgresql.jdbc.PgPreparedStatement.executeQuery(PgPreparedStatement.java:139)
	at io.agroal.pool.wrapper.PreparedStatementWrapper.executeQuery(PreparedStatementWrapper.java:80)
	at org.hibernate.sql.results.jdbc.internal.DeferredResultSetAccess.executeQuery(DeferredResultSetAccess.java:269)
	... 37 more
[39m[38;5;229m
[39m[38;5;251m2026-05-03 10:08:58,275[39m[38;5;251m [39m[38;5;222mWARN [39m[38;5;251m [[39m[38;5;153morg.hibernate.orm.jdbc.error[39m[38;5;251m] ([39m[38;5;250mexecutor-thread-1[39m[38;5;251m) [39m[38;5;251m[38;5;231mHHH000247: ErrorCode: [38;5;253m0[38;5;231m, SQLState: [38;5;253m42703[38;5;231m[39m[39m[38;5;203m[39m[38;5;229m
[39m[38;5;251m2026-05-03 10:08:58,276[39m[38;5;251m [39m[38;5;222mWARN [39m[38;5;251m [[39m[38;5;153morg.hibernate.orm.jdbc.error[39m[38;5;251m] ([39m[38;5;250mexecutor-thread-1[39m[38;5;251m) [39m[38;5;251mERROR: column i1_0.createdat does not exist
  Hint: Perhaps you meant to reference the column "i1_0.created_at".
  Position: 33[39m[38;5;203m[39m[38;5;229m
[39m[38;5;251m2026-05-03 10:08:58,276[39m[38;5;251m [39m[38;5;210mERROR[39m[38;5;251m [[39m[38;5;153mio.quarkus.vertx.http.runtime.QuarkusErrorHandler[39m[38;5;251m] ([39m[38;5;250mexecutor-thread-1[39m[38;5;251m) [39m[38;5;251m[38;5;231mHTTP Request to [38;5;253m/api/items[38;5;231m failed, error id: [38;5;253me515eaa4-b7bd-487c-938c-c11d963a9aac-8[38;5;231m[39m[39m[38;5;203m: org.hibernate.exception.SQLGrammarException: JDBC exception executing SQL [ERROR: column i1_0.createdat does not exist
  Hint: Perhaps you meant to reference the column "i1_0.created_at".
  Position: 33] [select i1_0.id,i1_0.category_id,i1_0.createdAt,i1_0.depthCm,i1_0.description,i1_0.heightCm,i1_0.location_id,i1_0.photoUrl,i1_0.price,i1_0.updatedAt,i1_0.widthCm from item i1_0]
	at org.hibernate.exception.internal.SQLStateConversionDelegate.convert(SQLStateConversionDelegate.java:63)
	at org.hibernate.exception.internal.StandardSQLExceptionConverter.convert(StandardSQLExceptionConverter.java:34)
	at org.hibernate.engine.jdbc.spi.SqlExceptionHelper.convert(SqlExceptionHelper.java:115)
	at org.hibernate.sql.results.jdbc.internal.DeferredResultSetAccess.executeQuery(DeferredResultSetAccess.java:292)
	at org.hibernate.sql.results.jdbc.internal.DeferredResultSetAccess.getResultSet(DeferredResultSetAccess.java:188)
	at org.hibernate.sql.results.jdbc.internal.JdbcValuesResultSetImpl.<init>(JdbcValuesResultSetImpl.java:71)
	at org.hibernate.sql.exec.internal.JdbcSelectExecutorStandardImpl.resolveJdbcValues(JdbcSelectExecutorStandardImpl.java:422)
	at org.hibernate.sql.exec.internal.JdbcSelectExecutorStandardImpl.resolveJdbcValuesSource(JdbcSelectExecutorStandardImpl.java:349)
	at org.hibernate.sql.exec.internal.JdbcSelectExecutorStandardImpl.doExecuteQuery(JdbcSelectExecutorStandardImpl.java:143)
	at org.hibernate.sql.exec.internal.JdbcSelectExecutorStandardImpl.executeQuery(JdbcSelectExecutorStandardImpl.java:100)
	at org.hibernate.sql.exec.spi.JdbcSelectExecutor.executeQuery(JdbcSelectExecutor.java:63)
	at org.hibernate.sql.exec.spi.JdbcSelectExecutor.list(JdbcSelectExecutor.java:137)
	at org.hibernate.query.sqm.internal.ConcreteSqmSelectQueryPlan.lambda$new$1(ConcreteSqmSelectQueryPlan.java:134)
	at org.hibernate.query.sqm.internal.ConcreteSqmSelectQueryPlan.withCacheableSqmInterpretation(ConcreteSqmSelectQueryPlan.java:464)
	at org.hibernate.query.sqm.internal.ConcreteSqmSelectQueryPlan.performList(ConcreteSqmSelectQueryPlan.java:392)
	at org.hibernate.query.sqm.internal.SqmSelectionQueryImpl.doList(SqmSelectionQueryImpl.java:407)
	at org.hibernate.query.spi.AbstractSelectionQuery.list(AbstractSelectionQuery.java:153)
	at org.hibernate.query.SelectionQuery.getResultList(SelectionQuery.java:145)
	at io.quarkus.hibernate.orm.panache.common.runtime.CommonPanacheQueryImpl.list(CommonPanacheQueryImpl.java:349)
	at io.quarkus.hibernate.orm.panache.runtime.PanacheQueryImpl.list(PanacheQueryImpl.java:151)
	at io.quarkus.hibernate.orm.panache.runtime.JpaOperations.list(JpaOperations.java:24)
	at io.quarkus.hibernate.orm.panache.runtime.JpaOperations.list(JpaOperations.java:10)
	at io.quarkus.hibernate.orm.panache.common.runtime.AbstractJpaOperations.listAll(AbstractJpaOperations.java:274)
	at com.mike.seaglassstorehouse.repository.ItemRepository.listAll(ItemRepository.java)
	at com.mike.seaglassstorehouse.repository.ItemRepository_ClientProxy.listAll(Unknown Source)
	at com.mike.seaglassstorehouse.service.ItemService.getAllItems(ItemService.java:70)
	at com.mike.seaglassstorehouse.service.ItemService_ClientProxy.getAllItems(Unknown Source)
	at com.mike.seaglassstorehouse.resource.ItemResource.getAllItems(ItemResource.java:53)
	at com.mike.seaglassstorehouse.resource.ItemResource$quarkusrestinvoker$getAllItems_24b8ff5324b575eb6e59e663608dfa48ece5eb1f.invoke(Unknown Source)
	at org.jboss.resteasy.reactive.server.handlers.InvocationHandler.handle(InvocationHandler.java:29)
	at io.quarkus.resteasy.reactive.server.runtime.QuarkusResteasyReactiveRequestContext.invokeHandler(QuarkusResteasyReactiveRequestContext.java:190)
	at org.jboss.resteasy.reactive.common.core.AbstractResteasyReactiveContext.run(AbstractResteasyReactiveContext.java:147)
	at io.quarkus.vertx.core.runtime.VertxCoreRecorder$15.runWith(VertxCoreRecorder.java:677)
	at org.jboss.threads.EnhancedQueueExecutor$Task.doRunWith(EnhancedQueueExecutor.java:2651)
	at org.jboss.threads.EnhancedQueueExecutor$Task.run(EnhancedQueueExecutor.java:2630)
	at org.jboss.threads.EnhancedQueueExecutor.runThreadBody(EnhancedQueueExecutor.java:1622)
	at org.jboss.threads.EnhancedQueueExecutor$ThreadBody.run(EnhancedQueueExecutor.java:1589)
	at org.jboss.threads.DelegatingRunnable.run(DelegatingRunnable.java:11)
	at org.jboss.threads.ThreadLocalResettingRunnable.run(ThreadLocalResettingRunnable.java:11)
	at io.netty.util.concurrent.FastThreadLocalRunnable.run(FastThreadLocalRunnable.java:30)
	at java.base/java.lang.Thread.run(Thread.java:1583)
Caused by: org.postgresql.util.PSQLException: ERROR: column i1_0.createdat does not exist
  Hint: Perhaps you meant to reference the column "i1_0.created_at".
  Position: 33
	at org.postgresql.core.v3.QueryExecutorImpl.receiveErrorResponse(QueryExecutorImpl.java:2875)
	at org.postgresql.core.v3.QueryExecutorImpl.processResults(QueryExecutorImpl.java:2560)
	at org.postgresql.core.v3.QueryExecutorImpl.execute(QueryExecutorImpl.java:429)
	at org.postgresql.jdbc.PgStatement.executeInternal(PgStatement.java:526)
	at org.postgresql.jdbc.PgStatement.execute(PgStatement.java:436)
	at org.postgresql.jdbc.PgPreparedStatement.executeWithFlags(PgPreparedStatement.java:196)
	at org.postgresql.jdbc.PgPreparedStatement.executeQuery(PgPreparedStatement.java:139)
	at io.agroal.pool.wrapper.PreparedStatementWrapper.executeQuery(PreparedStatementWrapper.java:80)
	at org.hibernate.sql.results.jdbc.internal.DeferredResultSetAccess.executeQuery(DeferredResultSetAccess.java:269)
	... 37 more
[39m[38;5;229m
[39m[38;5;251m2026-05-03 10:09:43,114[39m[38;5;251m [39m[38;5;222mWARN [39m[38;5;251m [[39m[38;5;153morg.hibernate.orm.jdbc.error[39m[38;5;251m] ([39m[38;5;250mexecutor-thread-1[39m[38;5;251m) [39m[38;5;251m[38;5;231mHHH000247: ErrorCode: [38;5;253m0[38;5;231m, SQLState: [38;5;253m42703[38;5;231m[39m[39m[38;5;203m[39m[38;5;229m
[39m[38;5;251m2026-05-03 10:09:43,114[39m[38;5;251m [39m[38;5;222mWARN [39m[38;5;251m [[39m[38;5;153morg.hibernate.orm.jdbc.error[39m[38;5;251m] ([39m[38;5;250mexecutor-thread-1[39m[38;5;251m) [39m[38;5;251mERROR: column i1_0.createdat does not exist
  Hint: Perhaps you meant to reference the column "i1_0.created_at".
  Position: 33[39m[38;5;203m[39m[38;5;229m
[39m[38;5;251m2026-05-03 10:09:43,115[39m[38;5;251m [39m[38;5;210mERROR[39m[38;5;251m [[39m[38;5;153mio.quarkus.vertx.http.runtime.QuarkusErrorHandler[39m[38;5;251m] ([39m[38;5;250mexecutor-thread-1[39m[38;5;251m) [39m[38;5;251m[38;5;231mHTTP Request to [38;5;253m/api/items[38;5;231m failed, error id: [38;5;253me515eaa4-b7bd-487c-938c-c11d963a9aac-9[38;5;231m[39m[39m[38;5;203m: org.hibernate.exception.SQLGrammarException: JDBC exception executing SQL [ERROR: column i1_0.createdat does not exist
  Hint: Perhaps you meant to reference the column "i1_0.created_at".
  Position: 33] [select i1_0.id,i1_0.category_id,i1_0.createdAt,i1_0.depthCm,i1_0.description,i1_0.heightCm,i1_0.location_id,i1_0.photoUrl,i1_0.price,i1_0.updatedAt,i1_0.widthCm from item i1_0]
	at org.hibernate.exception.internal.SQLStateConversionDelegate.convert(SQLStateConversionDelegate.java:63)
	at org.hibernate.exception.internal.StandardSQLExceptionConverter.convert(StandardSQLExceptionConverter.java:34)
	at org.hibernate.engine.jdbc.spi.SqlExceptionHelper.convert(SqlExceptionHelper.java:115)
	at org.hibernate.sql.results.jdbc.internal.DeferredResultSetAccess.executeQuery(DeferredResultSetAccess.java:292)
	at org.hibernate.sql.results.jdbc.internal.DeferredResultSetAccess.getResultSet(DeferredResultSetAccess.java:188)
	at org.hibernate.sql.results.jdbc.internal.JdbcValuesResultSetImpl.<init>(JdbcValuesResultSetImpl.java:71)
	at org.hibernate.sql.exec.internal.JdbcSelectExecutorStandardImpl.resolveJdbcValues(JdbcSelectExecutorStandardImpl.java:422)
	at org.hibernate.sql.exec.internal.JdbcSelectExecutorStandardImpl.resolveJdbcValuesSource(JdbcSelectExecutorStandardImpl.java:349)
	at org.hibernate.sql.exec.internal.JdbcSelectExecutorStandardImpl.doExecuteQuery(JdbcSelectExecutorStandardImpl.java:143)
	at org.hibernate.sql.exec.internal.JdbcSelectExecutorStandardImpl.executeQuery(JdbcSelectExecutorStandardImpl.java:100)
	at org.hibernate.sql.exec.spi.JdbcSelectExecutor.executeQuery(JdbcSelectExecutor.java:63)
	at org.hibernate.sql.exec.spi.JdbcSelectExecutor.list(JdbcSelectExecutor.java:137)
	at org.hibernate.query.sqm.internal.ConcreteSqmSelectQueryPlan.lambda$new$1(ConcreteSqmSelectQueryPlan.java:134)
	at org.hibernate.query.sqm.internal.ConcreteSqmSelectQueryPlan.withCacheableSqmInterpretation(ConcreteSqmSelectQueryPlan.java:464)
	at org.hibernate.query.sqm.internal.ConcreteSqmSelectQueryPlan.performList(ConcreteSqmSelectQueryPlan.java:392)
	at org.hibernate.query.sqm.internal.SqmSelectionQueryImpl.doList(SqmSelectionQueryImpl.java:407)
	at org.hibernate.query.spi.AbstractSelectionQuery.list(AbstractSelectionQuery.java:153)
	at org.hibernate.query.SelectionQuery.getResultList(SelectionQuery.java:145)
	at io.quarkus.hibernate.orm.panache.common.runtime.CommonPanacheQueryImpl.list(CommonPanacheQueryImpl.java:349)
	at io.quarkus.hibernate.orm.panache.runtime.PanacheQueryImpl.list(PanacheQueryImpl.java:151)
	at io.quarkus.hibernate.orm.panache.runtime.JpaOperations.list(JpaOperations.java:24)
	at io.quarkus.hibernate.orm.panache.runtime.JpaOperations.list(JpaOperations.java:10)
	at io.quarkus.hibernate.orm.panache.common.runtime.AbstractJpaOperations.listAll(AbstractJpaOperations.java:274)
	at com.mike.seaglassstorehouse.repository.ItemRepository.listAll(ItemRepository.java)
	at com.mike.seaglassstorehouse.repository.ItemRepository_ClientProxy.listAll(Unknown Source)
	at com.mike.seaglassstorehouse.service.ItemService.getAllItems(ItemService.java:70)
	at com.mike.seaglassstorehouse.service.ItemService_ClientProxy.getAllItems(Unknown Source)
	at com.mike.seaglassstorehouse.resource.ItemResource.getAllItems(ItemResource.java:53)
	at com.mike.seaglassstorehouse.resource.ItemResource$quarkusrestinvoker$getAllItems_24b8ff5324b575eb6e59e663608dfa48ece5eb1f.invoke(Unknown Source)
	at org.jboss.resteasy.reactive.server.handlers.InvocationHandler.handle(InvocationHandler.java:29)
	at io.quarkus.resteasy.reactive.server.runtime.QuarkusResteasyReactiveRequestContext.invokeHandler(QuarkusResteasyReactiveRequestContext.java:190)
	at org.jboss.resteasy.reactive.common.core.AbstractResteasyReactiveContext.run(AbstractResteasyReactiveContext.java:147)
	at io.quarkus.vertx.core.runtime.VertxCoreRecorder$15.runWith(VertxCoreRecorder.java:677)
	at org.jboss.threads.EnhancedQueueExecutor$Task.doRunWith(EnhancedQueueExecutor.java:2651)
	at org.jboss.threads.EnhancedQueueExecutor$Task.run(EnhancedQueueExecutor.java:2630)
	at org.jboss.threads.EnhancedQueueExecutor.runThreadBody(EnhancedQueueExecutor.java:1622)
	at org.jboss.threads.EnhancedQueueExecutor$ThreadBody.run(EnhancedQueueExecutor.java:1589)
	at org.jboss.threads.DelegatingRunnable.run(DelegatingRunnable.java:11)
	at org.jboss.threads.ThreadLocalResettingRunnable.run(ThreadLocalResettingRunnable.java:11)
	at io.netty.util.concurrent.FastThreadLocalRunnable.run(FastThreadLocalRunnable.java:30)
	at java.base/java.lang.Thread.run(Thread.java:1583)
Caused by: org.postgresql.util.PSQLException: ERROR: column i1_0.createdat does not exist
  Hint: Perhaps you meant to reference the column "i1_0.created_at".
  Position: 33
	at org.postgresql.core.v3.QueryExecutorImpl.receiveErrorResponse(QueryExecutorImpl.java:2875)
	at org.postgresql.core.v3.QueryExecutorImpl.processResults(QueryExecutorImpl.java:2560)
	at org.postgresql.core.v3.QueryExecutorImpl.execute(QueryExecutorImpl.java:429)
	at org.postgresql.jdbc.PgStatement.executeInternal(PgStatement.java:526)
	at org.postgresql.jdbc.PgStatement.execute(PgStatement.java:436)
	at org.postgresql.jdbc.PgPreparedStatement.executeWithFlags(PgPreparedStatement.java:196)
	at org.postgresql.jdbc.PgPreparedStatement.executeQuery(PgPreparedStatement.java:139)
	at io.agroal.pool.wrapper.PreparedStatementWrapper.executeQuery(PreparedStatementWrapper.java:80)
	at org.hibernate.sql.results.jdbc.internal.DeferredResultSetAccess.executeQuery(DeferredResultSetAccess.java:269)
	... 37 more
[39m[38;5;229m
[39m[38;5;251m2026-05-03 10:09:43,125[39m[38;5;251m [39m[38;5;222mWARN [39m[38;5;251m [[39m[38;5;153morg.hibernate.orm.jdbc.error[39m[38;5;251m] ([39m[38;5;250mexecutor-thread-2[39m[38;5;251m) [39m[38;5;251m[38;5;231mHHH000247: ErrorCode: [38;5;253m0[38;5;231m, SQLState: [38;5;253m42703[38;5;231m[39m[39m[38;5;203m[39m[38;5;229m
[39m[38;5;251m2026-05-03 10:09:43,125[39m[38;5;251m [39m[38;5;222mWARN [39m[38;5;251m [[39m[38;5;153morg.hibernate.orm.jdbc.error[39m[38;5;251m] ([39m[38;5;250mexecutor-thread-2[39m[38;5;251m) [39m[38;5;251mERROR: column i1_0.createdat does not exist
  Hint: Perhaps you meant to reference the column "i1_0.created_at".
  Position: 33[39m[38;5;203m[39m[38;5;229m
[39m[38;5;251m2026-05-03 10:09:43,126[39m[38;5;251m [39m[38;5;210mERROR[39m[38;5;251m [[39m[38;5;153mio.quarkus.vertx.http.runtime.QuarkusErrorHandler[39m[38;5;251m] ([39m[38;5;250mexecutor-thread-2[39m[38;5;251m) [39m[38;5;251m[38;5;231mHTTP Request to [38;5;253m/api/items[38;5;231m failed, error id: [38;5;253me515eaa4-b7bd-487c-938c-c11d963a9aac-10[38;5;231m[39m[39m[38;5;203m: org.hibernate.exception.SQLGrammarException: JDBC exception executing SQL [ERROR: column i1_0.createdat does not exist
  Hint: Perhaps you meant to reference the column "i1_0.created_at".
  Position: 33] [select i1_0.id,i1_0.category_id,i1_0.createdAt,i1_0.depthCm,i1_0.description,i1_0.heightCm,i1_0.location_id,i1_0.photoUrl,i1_0.price,i1_0.updatedAt,i1_0.widthCm from item i1_0]
	at org.hibernate.exception.internal.SQLStateConversionDelegate.convert(SQLStateConversionDelegate.java:63)
	at org.hibernate.exception.internal.StandardSQLExceptionConverter.convert(StandardSQLExceptionConverter.java:34)
	at org.hibernate.engine.jdbc.spi.SqlExceptionHelper.convert(SqlExceptionHelper.java:115)
	at org.hibernate.sql.results.jdbc.internal.DeferredResultSetAccess.executeQuery(DeferredResultSetAccess.java:292)
	at org.hibernate.sql.results.jdbc.internal.DeferredResultSetAccess.getResultSet(DeferredResultSetAccess.java:188)
	at org.hibernate.sql.results.jdbc.internal.JdbcValuesResultSetImpl.<init>(JdbcValuesResultSetImpl.java:71)
	at org.hibernate.sql.exec.internal.JdbcSelectExecutorStandardImpl.resolveJdbcValues(JdbcSelectExecutorStandardImpl.java:422)
	at org.hibernate.sql.exec.internal.JdbcSelectExecutorStandardImpl.resolveJdbcValuesSource(JdbcSelectExecutorStandardImpl.java:349)
	at org.hibernate.sql.exec.internal.JdbcSelectExecutorStandardImpl.doExecuteQuery(JdbcSelectExecutorStandardImpl.java:143)
	at org.hibernate.sql.exec.internal.JdbcSelectExecutorStandardImpl.executeQuery(JdbcSelectExecutorStandardImpl.java:100)
	at org.hibernate.sql.exec.spi.JdbcSelectExecutor.executeQuery(JdbcSelectExecutor.java:63)
	at org.hibernate.sql.exec.spi.JdbcSelectExecutor.list(JdbcSelectExecutor.java:137)
	at org.hibernate.query.sqm.internal.ConcreteSqmSelectQueryPlan.lambda$new$1(ConcreteSqmSelectQueryPlan.java:134)
	at org.hibernate.query.sqm.internal.ConcreteSqmSelectQueryPlan.withCacheableSqmInterpretation(ConcreteSqmSelectQueryPlan.java:464)
	at org.hibernate.query.sqm.internal.ConcreteSqmSelectQueryPlan.performList(ConcreteSqmSelectQueryPlan.java:392)
	at org.hibernate.query.sqm.internal.SqmSelectionQueryImpl.doList(SqmSelectionQueryImpl.java:407)
	at org.hibernate.query.spi.AbstractSelectionQuery.list(AbstractSelectionQuery.java:153)
	at org.hibernate.query.SelectionQuery.getResultList(SelectionQuery.java:145)
	at io.quarkus.hibernate.orm.panache.common.runtime.CommonPanacheQueryImpl.list(CommonPanacheQueryImpl.java:349)
	at io.quarkus.hibernate.orm.panache.runtime.PanacheQueryImpl.list(PanacheQueryImpl.java:151)
	at io.quarkus.hibernate.orm.panache.runtime.JpaOperations.list(JpaOperations.java:24)
	at io.quarkus.hibernate.orm.panache.runtime.JpaOperations.list(JpaOperations.java:10)
	at io.quarkus.hibernate.orm.panache.common.runtime.AbstractJpaOperations.listAll(AbstractJpaOperations.java:274)
	at com.mike.seaglassstorehouse.repository.ItemRepository.listAll(ItemRepository.java)
	at com.mike.seaglassstorehouse.repository.ItemRepository_ClientProxy.listAll(Unknown Source)
	at com.mike.seaglassstorehouse.service.ItemService.getAllItems(ItemService.java:70)
	at com.mike.seaglassstorehouse.service.ItemService_ClientProxy.getAllItems(Unknown Source)
	at com.mike.seaglassstorehouse.resource.ItemResource.getAllItems(ItemResource.java:53)
	at com.mike.seaglassstorehouse.resource.ItemResource$quarkusrestinvoker$getAllItems_24b8ff5324b575eb6e59e663608dfa48ece5eb1f.invoke(Unknown Source)
	at org.jboss.resteasy.reactive.server.handlers.InvocationHandler.handle(InvocationHandler.java:29)
	at io.quarkus.resteasy.reactive.server.runtime.QuarkusResteasyReactiveRequestContext.invokeHandler(QuarkusResteasyReactiveRequestContext.java:190)
	at org.jboss.resteasy.reactive.common.core.AbstractResteasyReactiveContext.run(AbstractResteasyReactiveContext.java:147)
	at io.quarkus.vertx.core.runtime.VertxCoreRecorder$15.runWith(VertxCoreRecorder.java:677)
	at org.jboss.threads.EnhancedQueueExecutor$Task.doRunWith(EnhancedQueueExecutor.java:2651)
	at org.jboss.threads.EnhancedQueueExecutor$Task.run(EnhancedQueueExecutor.java:2630)
	at org.jboss.threads.EnhancedQueueExecutor.runThreadBody(EnhancedQueueExecutor.java:1622)
	at org.jboss.threads.EnhancedQueueExecutor$ThreadBody.run(EnhancedQueueExecutor.java:1589)
	at org.jboss.threads.DelegatingRunnable.run(DelegatingRunnable.java:11)
	at org.jboss.threads.ThreadLocalResettingRunnable.run(ThreadLocalResettingRunnable.java:11)
	at io.netty.util.concurrent.FastThreadLocalRunnable.run(FastThreadLocalRunnable.java:30)
	at java.base/java.lang.Thread.run(Thread.java:1583)
Caused by: org.postgresql.util.PSQLException: ERROR: column i1_0.createdat does not exist
  Hint: Perhaps you meant to reference the column "i1_0.created_at".
  Position: 33
	at org.postgresql.core.v3.QueryExecutorImpl.receiveErrorResponse(QueryExecutorImpl.java:2875)
	at org.postgresql.core.v3.QueryExecutorImpl.processResults(QueryExecutorImpl.java:2560)
	at org.postgresql.core.v3.QueryExecutorImpl.execute(QueryExecutorImpl.java:429)
	at org.postgresql.jdbc.PgStatement.executeInternal(PgStatement.java:526)
	at org.postgresql.jdbc.PgStatement.execute(PgStatement.java:436)
	at org.postgresql.jdbc.PgPreparedStatement.executeWithFlags(PgPreparedStatement.java:196)
	at org.postgresql.jdbc.PgPreparedStatement.executeQuery(PgPreparedStatement.java:139)
	at io.agroal.pool.wrapper.PreparedStatementWrapper.executeQuery(PreparedStatementWrapper.java:80)
	at org.hibernate.sql.results.jdbc.internal.DeferredResultSetAccess.executeQuery(DeferredResultSetAccess.java:269)
	... 37 more
[39m[38;5;229m
[39m